
<!DOCTYPE html>
<html>
<head>
<!--
ExtentReports Library 2.40.2 | http://relevantcodes.com/extentreports-for-selenium/ | https://github.com/anshooarora/
Copyright (c) 2015, Anshoo Arora (Relevant Codes) | Copyrights licensed under the New BSD License | http://opensource.org/licenses/BSD-3-Clause
Documentation: http://extentreports.relevantcodes.com 
-->

<meta charset='UTF-8' /> 
<meta name='description' content='ExtentReports (by Anshoo Arora) is a reporting library for automation testing for .NET and Java. It creates detailed and beautiful HTML reports for modern browsers. ExtentReports shows test and step summary along with dashboards, system and environment details for quick analysis of your tests.' />
<meta name='robots' content='noodp, noydir' />
<meta name='viewport' content='width=device-width, initial-scale=1' />

<title>
ExtentReports 2.0
</title>


<link href='https://fonts.googleapis.com/css?family=Source+Sans+Pro:400,600' rel='stylesheet' type='text/css'>
<link href='https://cdn.rawgit.com/anshooarora/extentreports/e4f8ea1de961161791c01b99a71a1e17f81125cf/cdn/extent.css' type='text/css' rel='stylesheet' />

<style>

            
                
            
        
</style>
</head>


<body class='extent standard hide-overflow'>
<!-- nav -->
<nav>
<div class='logo-container'>
<a class='logo-content' href='http://extentreports.relevantcodes.com'>
<span>ExtentReports</span>
</a>
<a href='#' data-activates='slide-out' class='button-collapse hide-on-large-only'><i class='mdi-navigation-apps'></i></a>
</div>
<ul id='slide-out' class='side-nav fixed hide-on-med-and-down'>
<li class='analysis waves-effect active'><a href='#!' class='test-view' onclick="_updateCurrentStage(0)"><i class='mdi-action-dashboard'></i>Test Details</a></li>
<li class='analysis waves-effect'><a href='#!' class='dashboard-view'><i class='mdi-action-track-changes'></i></i>Analysis</a></li>
</ul>
<span class='report-name'>Automation Report</span> <span class='report-headline'></span>
<ul class='right hide-on-med-and-down nav-right'>
<li class='theme-selector' alt='Click to toggle dark theme. To enable by default, use js configuration $("body").addClass("dark");' title='Click to toggle dark theme. To enable by default, use js configuration $("body").addClass("dark");'>
<i class='mdi-hardware-desktop-windows'></i>
</li>
<li>
<span class='suite-started-time'>2019-05-16 10:15:42</span>
</li>
<li>
<span>v2.40.2</span>
</li>
</ul>
</nav>
<!-- /nav -->

<!-- container -->
<div class='container'>

<!-- dashboard -->
<div id='dashboard-view' class='row'>
<div class='time-totals'>
<div class='col l2 m4 s6'>
<div class='card suite-total-tests'> 
<span class='panel-name'>Total Tests</span> 
<span class='total-tests'> <span class='panel-lead'></span> </span> 
</div> 
</div>
<div class='col l2 m4 s6'>
<div class='card suite-total-steps'> 
<span class='panel-name'>Total Steps</span> 
<span class='total-steps'> <span class='panel-lead'></span> </span> 
</div> 
</div>
<div class='col l2 m4 s12'>
<div class='card suite-total-time-current'> 
<span class='panel-name'>Total Time Taken (Current Run)</span> 
<span class='suite-total-time-current-value panel-lead'>7238h 54m 33s+234ms</span> 
</div> 
</div>
<div class='col l2 m4 s12'>
<div class='card suite-total-time-overall'> 
<span class='panel-name'>Total Time Taken (Overall)</span> 
<span class='suite-total-time-overall-value panel-lead'>-436h -26177m -1570627s+-573ms</span> 
</div> 
</div>
<div class='col l2 m4 s6 suite-start-time'>
<div class='card accent green-accent'> 
<span class='panel-name'>Start</span> 
<span class='panel-lead suite-started-time'>2018-07-18 19:21:09</span> 
</div> 
</div>
<div class='col l2 m4 s6 suite-end-time'>
<div class='card accent pink-accent'> 
<span class='panel-name'>End</span> 
<span class='panel-lead suite-ended-time'>2019-05-16 10:15:42</span> 
</div> 
</div>
</div>
<div class='charts'>
<div class='col s12 m6 l4 fh'> 
<div class='card-panel'> 
<div>
<span class='panel-name'>Tests View</span>
</div> 
<div class='panel-setting modal-trigger test-count-setting right'>
<a href='#test-count-setting'><i class='mdi-navigation-more-vert text-md'></i></a>
</div> 
<div class='chart-box'>
<canvas class='text-centered' id='test-analysis'></canvas>
</div> 
<div>
<span class='weight-light'><span class='t-pass-count weight-normal'></span> test(s) passed</span>
</div> 
<div>
<span class='weight-light'><span class='t-fail-count weight-normal'></span> test(s) failed, <span class='t-others-count weight-normal'></span> others</span>
</div> 
</div> 
</div> 
<div class='col s12 m6 l4 fh'> 
<div class='card-panel'> 
<div>
<span class='panel-name'>Steps View</span>
</div> 
<div class='panel-setting modal-trigger step-status-filter right'>
<a href='#step-status-filter'><i class='mdi-navigation-more-vert text-md'></i></a>
</div> 
<div class='chart-box'>
<canvas class='text-centered' id='step-analysis'></canvas>
</div> 
<div>
<span class='weight-light'><span class='s-pass-count weight-normal'></span> step(s) passed </span>
</div> 
<div>
<span class='weight-light'><span class='s-fail-count weight-normal'></span> step(s) failed, <span class='s-others-count weight-normal'></span> others</span>
</div> 
</div> 
</div>
<div class='col s12 m12 l4 fh'> 
<div class='card-panel'> 
<span class='panel-name'>Pass Percentage</span> 
<span class='pass-percentage panel-lead'></span> 
<div class='progress light-blue lighten-3'> 
<div class='determinate light-blue'></div> 
</div> 
</div> 
</div>
</div>
<div class='system-view'>
<div class='col l4 m12 s12'>
<div class='card-panel'>
<span class='label info outline right'>Environment</span>
<table>
<thead>
<tr>
<th>Param</th>
<th>Value</th>
</tr>
</thead>
<tbody>
<tr>
<td>OS</td>
<td>Windows 7</td>
</tr>
<tr>
<td>User Name</td>
<td>UX011974</td>
</tr>
<tr>
<td>Java Version</td>
<td>1.8.0_172</td>
</tr>
<tr>
<td>Host Name</td>
<td>TP6VDIDEVTCM068</td>
</tr>
</tbody>
</table>
</div>
</div>
</div>
</div>
<!-- /dashboard -->

<!-- tests -->
<div id='test-view' class='row _addedTable'>
<div class='col _addedCell1'>
<div class='contents'>
<div class='card-panel heading'>
<h5>Tests</h5>
</div>
<div class='card-panel filters'>
<div>
<a data-activates='tests-toggle' data-constrainwidth='true' data-beloworigin='true' data-hover='true' href='#' class='dropdown-button button tests-toggle'><i class='mdi-action-subject icon'></i></a>
<ul id='tests-toggle' class='dropdown-content'>
<li class='pass'><a href='#!'>Pass</a></li>
<li class='fail'><a href='#!'>Fail</a></li>
<li class='skip'><a href='#!'>Skip</a></li>
<li class='unknown'><a href='#!'>Unknown</a></li>
<li class='divider'></li>
<li class='clear'><a href='#!'>Clear Filters</a></li>
</ul>
</div>
<div>
<a id='clear-filters' alt='Clear Filters' title='Clear Filters'><i class='mdi-navigation-close icon'></i></a>
</div>
<div>&nbsp;&middot;&nbsp;</div>
<div>
<a id='enableDashboard' alt='Enable Dashboard' title='Enable Dashboard'><i class='mdi-action-track-changes icon'></i></a>
</div>
<div>
<a id='refreshCharts' alt='Refresh Charts on Filters' title='Refresh Charts on Filters' class='enabled'><i class='mdi-navigation-refresh icon'></i></i></a>
</div>
<div>&nbsp;&middot;</div>
<div class='search' alt='Search Tests' title='Search Tests'>
<div class='input-field left'>
<input id='searchTests' type='text' class='validate' placeholder='Search Tests...'>
</div>
<i class='mdi-action-search icon'></i>
</div>
</div>
<div class='card-panel no-padding-h no-padding-v no-margin-v'>
<div class='wrapper'>
<ul id='test-collection' class='test-collection'>
<li class='collection-item test displayed active fail ' extentid='77ad3605-3270-4051-8607-0e9a194c3f80'>
<div class='test-head'>
<span class='test-name'>Cancelling the Incident Ticket </span>
<span class='test-status label right outline capitalize fail'>fail</span>
<span class='category-assigned hide '></span>
</div>
<div class='test-body'>
<div class='test-info'>
<span title='Test started time' alt='Test started time' class='test-started-time label green lighten-1 text-white'>2018-07-18 19:21:09</span>
<span title='Test ended time' alt='Test ended time' class='test-ended-time label red lighten-1 text-white'>2018-07-18 19:21:27</span>
<span title='Time taken to finish' alt='Time taken to finish' class='test-time-taken label blue-grey lighten-3 text-white'>0h 0m 18s+0ms</span>
</div>
<div class='test-desc'></div>
<div class='test-attributes'>
</div>
<div class='test-steps'>
<table class='bordered table-results'>
<thead>
<tr>
<th>Status</th>
<th>Timestamp</th>
<th>Details</th>
</tr>
</thead>
<tbody>
<tr>
<td class='status fail' title='fail' alt='fail'><i class='mdi-navigation-cancel'></i></td>
<td class='timestamp'>19:21:27</td>
<td class='step-details'>org.openqa.selenium.NoSuchElementException: Unable to locate element: #\33 23bb07bc611227a018aea9eb8f3b35e For documentation on this error, please visit: http://seleniumhq.org/exceptions/no_such_element.html Build info: version: '3.13.0', revision: '2f0d292', time: '2018-06-25T15:24:21.231Z' System info: host: 'TP5VDIDEVTCM623', ip: '10.25.31.106', os.name: 'Windows 7', os.arch: 'amd64', os.version: '6.1', java.version: '1.8.0_171' Driver info: org.openqa.selenium.firefox.FirefoxDriver Capabilities {acceptInsecureCerts: true, browserName: firefox, browserVersion: 61.0.1, javascriptEnabled: true, moz:accessibilityChecks: false, moz:headless: false, moz:processID: 33172, moz:profile: C:\Users\UX011746\AppData\L..., moz:useNonSpecCompliantPointerOrigin: false, moz:webdriverClick: true, pageLoadStrategy: normal, platform: XP, platformName: XP, platformVersion: 6.1, rotatable: false, timeouts: {implicit: 0, pageLoad: 300000, script: 30000}} Session ID: c6afed52-6a52-43ab-af1f-8e86b25bf99c *** Element info: {Using=id, value=323bb07bc611227a018aea9eb8f3b35e}<img class="report-img" data-featherlight="file:///C:\Users\UX011746\Desktop\ServiceNowQAAutomation\ServiceNowQAAutomation\SNOWQA\target\snapshots\testCancelIncidentTicket.jpg" src="file:///C:\Users\UX011746\Desktop\ServiceNowQAAutomation\ServiceNowQAAutomation\SNOWQA\target\snapshots\testCancelIncidentTicket.jpg"></td>
</tr>
</tbody>
</table>
<ul class='collapsible node-list' data-collapsible='accordion'>
</ul>
</div>
</div>
</li>
<li class='collection-item test displayed active fail ' extentid='a642720f-00bf-476b-a00c-a028af7f561a'>
<div class='test-head'>
<span class='test-name'>Cancelling the Incident Ticket </span>
<span class='test-status label right outline capitalize fail'>fail</span>
<span class='category-assigned hide '></span>
</div>
<div class='test-body'>
<div class='test-info'>
<span title='Test started time' alt='Test started time' class='test-started-time label green lighten-1 text-white'>2018-10-04 12:57:29</span>
<span title='Test ended time' alt='Test ended time' class='test-ended-time label red lighten-1 text-white'>2018-10-04 12:57:50</span>
<span title='Time taken to finish' alt='Time taken to finish' class='test-time-taken label blue-grey lighten-3 text-white'>0h 0m 21s+0ms</span>
</div>
<div class='test-desc'></div>
<div class='test-attributes'>
</div>
<div class='test-steps'>
<table class='bordered table-results'>
<thead>
<tr>
<th>Status</th>
<th>Timestamp</th>
<th>Details</th>
</tr>
</thead>
<tbody>
<tr>
<td class='status fail' title='fail' alt='fail'><i class='mdi-navigation-cancel'></i></td>
<td class='timestamp'>12:57:50</td>
<td class='step-details'>org.openqa.selenium.NoSuchElementException: Unable to locate element: #\33 23bb07bc611227a018aea9eb8f3b35e For documentation on this error, please visit: http://seleniumhq.org/exceptions/no_such_element.html Build info: version: '3.13.0', revision: '2f0d292', time: '2018-06-25T15:24:21.231Z' System info: host: 'TP5VDIDEVTCM623', ip: '10.25.31.106', os.name: 'Windows 7', os.arch: 'amd64', os.version: '6.1', java.version: '1.8.0_171' Driver info: org.openqa.selenium.firefox.FirefoxDriver Capabilities {acceptInsecureCerts: true, browserName: firefox, browserVersion: 62.0, javascriptEnabled: true, moz:accessibilityChecks: false, moz:headless: false, moz:processID: 35772, moz:profile: C:\Users\UX011746\AppData\L..., moz:useNonSpecCompliantPointerOrigin: false, moz:webdriverClick: true, pageLoadStrategy: normal, platform: XP, platformName: XP, platformVersion: 6.1, rotatable: false, timeouts: {implicit: 0, pageLoad: 300000, script: 30000}} Session ID: a81a10ef-53a8-4eaa-bd88-b63e8da8f56c *** Element info: {Using=id, value=323bb07bc611227a018aea9eb8f3b35e}<img class="report-img" data-featherlight="file:///C:\Users\UX011746\Desktop\ServiceNowQAAutomation\ServiceNowQAAutomation\SNOWQA\target\snapshots\testCancelIncidentTicket.jpg" src="file:///C:\Users\UX011746\Desktop\ServiceNowQAAutomation\ServiceNowQAAutomation\SNOWQA\target\snapshots\testCancelIncidentTicket.jpg"></td>
</tr>
</tbody>
</table>
<ul class='collapsible node-list' data-collapsible='accordion'>
</ul>
</div>
</div>
</li>
<li class='collection-item test displayed active fail ' extentid='ec92ee06-3fe6-4991-8c57-938d0351365c'>
<div class='test-head'>
<span class='test-name'>Cancelling the Incident Ticket </span>
<span class='test-status label right outline capitalize fail'>fail</span>
<span class='category-assigned hide '></span>
</div>
<div class='test-body'>
<div class='test-info'>
<span title='Test started time' alt='Test started time' class='test-started-time label green lighten-1 text-white'>2018-10-04 13:10:44</span>
<span title='Test ended time' alt='Test ended time' class='test-ended-time label red lighten-1 text-white'>2018-10-04 13:11:46</span>
<span title='Time taken to finish' alt='Time taken to finish' class='test-time-taken label blue-grey lighten-3 text-white'>0h 1m 2s+0ms</span>
</div>
<div class='test-desc'></div>
<div class='test-attributes'>
</div>
<div class='test-steps'>
<table class='bordered table-results'>
<thead>
<tr>
<th>Status</th>
<th>Timestamp</th>
<th>Details</th>
</tr>
</thead>
<tbody>
<tr>
<td class='status info' title='info' alt='info'><i class='mdi-action-info-outline'></i></td>
<td class='timestamp'>13:11:02</td>
<td class='step-details'>Incident number captured: INC1021162</td>
</tr>
<tr>
<td class='status info' title='info' alt='info'><i class='mdi-action-info-outline'></i></td>
<td class='timestamp'>13:11:27</td>
<td class='step-details'>Current State of Incident INC1021162 is New</td>
</tr>
<tr>
<td class='status info' title='info' alt='info'><i class='mdi-action-info-outline'></i></td>
<td class='timestamp'>13:11:39</td>
<td class='step-details'>Current State of Incident INC1021162 is Cancelled</td>
</tr>
<tr>
<td class='status fail' title='fail' alt='fail'><i class='mdi-navigation-cancel'></i></td>
<td class='timestamp'>13:11:46</td>
<td class='step-details'>Incident Ticket INC1021162 is greyed out/non-editable as the ticket is in Cancelled state</td>
</tr>
</tbody>
</table>
<ul class='collapsible node-list' data-collapsible='accordion'>
</ul>
</div>
</div>
</li>
<li class='collection-item test displayed active fail ' extentid='b2b23a61-2f56-4d62-831f-95c5b52deb16'>
<div class='test-head'>
<span class='test-name'>Cancelling the Incident Ticket </span>
<span class='test-status label right outline capitalize fail'>fail</span>
<span class='category-assigned hide '></span>
</div>
<div class='test-body'>
<div class='test-info'>
<span title='Test started time' alt='Test started time' class='test-started-time label green lighten-1 text-white'>2018-10-04 15:16:20</span>
<span title='Test ended time' alt='Test ended time' class='test-ended-time label red lighten-1 text-white'>2018-10-04 15:17:15</span>
<span title='Time taken to finish' alt='Time taken to finish' class='test-time-taken label blue-grey lighten-3 text-white'>0h 0m 55s+0ms</span>
</div>
<div class='test-desc'></div>
<div class='test-attributes'>
</div>
<div class='test-steps'>
<table class='bordered table-results'>
<thead>
<tr>
<th>Status</th>
<th>Timestamp</th>
<th>Details</th>
</tr>
</thead>
<tbody>
<tr>
<td class='status info' title='info' alt='info'><i class='mdi-action-info-outline'></i></td>
<td class='timestamp'>15:16:34</td>
<td class='step-details'>Incident number captured: INC1021163</td>
</tr>
<tr>
<td class='status info' title='info' alt='info'><i class='mdi-action-info-outline'></i></td>
<td class='timestamp'>15:16:56</td>
<td class='step-details'>Current State of Incident INC1021163 is New</td>
</tr>
<tr>
<td class='status info' title='info' alt='info'><i class='mdi-action-info-outline'></i></td>
<td class='timestamp'>15:17:08</td>
<td class='step-details'>Current State of Incident INC1021163 is Cancelled</td>
</tr>
<tr>
<td class='status fail' title='fail' alt='fail'><i class='mdi-navigation-cancel'></i></td>
<td class='timestamp'>15:17:15</td>
<td class='step-details'>Incident Ticket INC1021163 is greyed out/non-editable as the ticket is in Cancelled state</td>
</tr>
</tbody>
</table>
<ul class='collapsible node-list' data-collapsible='accordion'>
</ul>
</div>
</div>
</li>
<li class='collection-item test displayed active fail ' extentid='c96bb09f-f26c-4514-afd4-cf875fea53cb'>
<div class='test-head'>
<span class='test-name'>Cancelling the Incident Ticket </span>
<span class='test-status label right outline capitalize fail'>fail</span>
<span class='category-assigned hide '></span>
</div>
<div class='test-body'>
<div class='test-info'>
<span title='Test started time' alt='Test started time' class='test-started-time label green lighten-1 text-white'>2018-10-04 15:26:21</span>
<span title='Test ended time' alt='Test ended time' class='test-ended-time label red lighten-1 text-white'>2018-10-04 15:26:57</span>
<span title='Time taken to finish' alt='Time taken to finish' class='test-time-taken label blue-grey lighten-3 text-white'>0h 0m 36s+0ms</span>
</div>
<div class='test-desc'></div>
<div class='test-attributes'>
</div>
<div class='test-steps'>
<table class='bordered table-results'>
<thead>
<tr>
<th>Status</th>
<th>Timestamp</th>
<th>Details</th>
</tr>
</thead>
<tbody>
<tr>
<td class='status fail' title='fail' alt='fail'><i class='mdi-navigation-cancel'></i></td>
<td class='timestamp'>15:26:57</td>
<td class='step-details'>org.openqa.selenium.TimeoutException: Expected condition failed: waiting for presence of any elements located by By.id: filter (tried for 30 second(s) with 500 milliseconds interval) Build info: version: '3.13.0', revision: '2f0d292', time: '2018-06-25T15:24:21.231Z' System info: host: 'TP5VDIDEVTCM623', ip: '10.25.31.106', os.name: 'Windows 7', os.arch: 'amd64', os.version: '6.1', java.version: '1.8.0_171' Driver info: org.openqa.selenium.firefox.FirefoxDriver Capabilities {acceptInsecureCerts: true, browserName: firefox, browserVersion: 62.0, javascriptEnabled: true, moz:accessibilityChecks: false, moz:headless: false, moz:processID: 1828, moz:profile: C:\Users\UX011746\AppData\L..., moz:useNonSpecCompliantPointerOrigin: false, moz:webdriverClick: true, pageLoadStrategy: normal, platform: XP, platformName: XP, platformVersion: 6.1, rotatable: false, timeouts: {implicit: 0, pageLoad: 300000, script: 30000}} Session ID: f0891ce7-3bb6-48a7-83d1-61b0353d8d40<img class="report-img" data-featherlight="file:///C:\Users\UX011746\Desktop\ServiceNowQAAutomation\ServiceNowQAAutomation\SNOWQA\target\snapshots\testCancelIncidentTicket.jpg" src="file:///C:\Users\UX011746\Desktop\ServiceNowQAAutomation\ServiceNowQAAutomation\SNOWQA\target\snapshots\testCancelIncidentTicket.jpg"></td>
</tr>
</tbody>
</table>
<ul class='collapsible node-list' data-collapsible='accordion'>
</ul>
</div>
</div>
</li>
<li class='collection-item test displayed active unknown ' extentid='1fa6df93-e678-4a9c-bb9e-110e28e70f09'>
<div class='test-head'>
<span class='test-name'>Cancelling the Incident Ticket </span>
<span class='test-status label right outline capitalize unknown'>unknown</span>
<span class='category-assigned hide '></span>
</div>
<div class='test-body'>
<div class='test-info'>
<span title='Test started time' alt='Test started time' class='test-started-time label green lighten-1 text-white'>2018-10-04 15:27:29</span>
<span title='Test ended time' alt='Test ended time' class='test-ended-time label red lighten-1 text-white'>2018-10-04 15:33:44</span>
<span title='Time taken to finish' alt='Time taken to finish' class='test-time-taken label blue-grey lighten-3 text-white'>0h 6m 15s+0ms</span>
</div>
<div class='test-desc'></div>
<div class='test-attributes'>
</div>
<div class='test-steps'>
<table class='bordered table-results'>
<thead>
<tr>
<th>Status</th>
<th>Timestamp</th>
<th>Details</th>
</tr>
</thead>
<tbody>
</tbody>
</table>
<ul class='collapsible node-list' data-collapsible='accordion'>
</ul>
</div>
</div>
</li>
<li class='collection-item test displayed active fail ' extentid='217582d2-49b1-4851-b75b-9451ed9b22c0'>
<div class='test-head'>
<span class='test-name'>Cancelling the Incident Ticket </span>
<span class='test-status label right outline capitalize fail'>fail</span>
<span class='category-assigned hide '></span>
</div>
<div class='test-body'>
<div class='test-info'>
<span title='Test started time' alt='Test started time' class='test-started-time label green lighten-1 text-white'>2018-10-04 15:33:44</span>
<span title='Test ended time' alt='Test ended time' class='test-ended-time label red lighten-1 text-white'>2018-10-04 15:34:40</span>
<span title='Time taken to finish' alt='Time taken to finish' class='test-time-taken label blue-grey lighten-3 text-white'>0h 0m 56s+0ms</span>
</div>
<div class='test-desc'></div>
<div class='test-attributes'>
</div>
<div class='test-steps'>
<table class='bordered table-results'>
<thead>
<tr>
<th>Status</th>
<th>Timestamp</th>
<th>Details</th>
</tr>
</thead>
<tbody>
<tr>
<td class='status info' title='info' alt='info'><i class='mdi-action-info-outline'></i></td>
<td class='timestamp'>15:33:59</td>
<td class='step-details'>Incident number captured: INC1021170</td>
</tr>
<tr>
<td class='status info' title='info' alt='info'><i class='mdi-action-info-outline'></i></td>
<td class='timestamp'>15:34:21</td>
<td class='step-details'>Current State of Incident INC1021170 is New</td>
</tr>
<tr>
<td class='status info' title='info' alt='info'><i class='mdi-action-info-outline'></i></td>
<td class='timestamp'>15:34:33</td>
<td class='step-details'>Current State of Incident INC1021170 is Cancelled</td>
</tr>
<tr>
<td class='status fail' title='fail' alt='fail'><i class='mdi-navigation-cancel'></i></td>
<td class='timestamp'>15:34:40</td>
<td class='step-details'>Incident Ticket INC1021170 is greyed out/non-editable as the ticket is in Cancelled state</td>
</tr>
</tbody>
</table>
<ul class='collapsible node-list' data-collapsible='accordion'>
</ul>
</div>
</div>
</li>
<li class='collection-item test displayed active unknown ' extentid='268143a7-2573-43c7-a280-f36eb651a425'>
<div class='test-head'>
<span class='test-name'>Cancelling the Incident Ticket </span>
<span class='test-status label right outline capitalize unknown'>unknown</span>
<span class='category-assigned hide '></span>
</div>
<div class='test-body'>
<div class='test-info'>
<span title='Test started time' alt='Test started time' class='test-started-time label green lighten-1 text-white'>2018-10-04 15:53:12</span>
<span title='Test ended time' alt='Test ended time' class='test-ended-time label red lighten-1 text-white'>2018-10-04 15:54:19</span>
<span title='Time taken to finish' alt='Time taken to finish' class='test-time-taken label blue-grey lighten-3 text-white'>0h 1m 7s+0ms</span>
</div>
<div class='test-desc'></div>
<div class='test-attributes'>
</div>
<div class='test-steps'>
<table class='bordered table-results'>
<thead>
<tr>
<th>Status</th>
<th>Timestamp</th>
<th>Details</th>
</tr>
</thead>
<tbody>
</tbody>
</table>
<ul class='collapsible node-list' data-collapsible='accordion'>
</ul>
</div>
</div>
</li>
<li class='collection-item test displayed active fail ' extentid='052fbbe7-3c71-43be-b53b-723ac910b0fc'>
<div class='test-head'>
<span class='test-name'>Cancelling the Incident Ticket </span>
<span class='test-status label right outline capitalize fail'>fail</span>
<span class='category-assigned hide '></span>
</div>
<div class='test-body'>
<div class='test-info'>
<span title='Test started time' alt='Test started time' class='test-started-time label green lighten-1 text-white'>2018-10-04 15:54:19</span>
<span title='Test ended time' alt='Test ended time' class='test-ended-time label red lighten-1 text-white'>2018-10-04 15:55:15</span>
<span title='Time taken to finish' alt='Time taken to finish' class='test-time-taken label blue-grey lighten-3 text-white'>0h 0m 56s+0ms</span>
</div>
<div class='test-desc'></div>
<div class='test-attributes'>
</div>
<div class='test-steps'>
<table class='bordered table-results'>
<thead>
<tr>
<th>Status</th>
<th>Timestamp</th>
<th>Details</th>
</tr>
</thead>
<tbody>
<tr>
<td class='status info' title='info' alt='info'><i class='mdi-action-info-outline'></i></td>
<td class='timestamp'>15:54:33</td>
<td class='step-details'>Incident number captured: INC1021173</td>
</tr>
<tr>
<td class='status info' title='info' alt='info'><i class='mdi-action-info-outline'></i></td>
<td class='timestamp'>15:54:56</td>
<td class='step-details'>Current State of Incident INC1021173 is New</td>
</tr>
<tr>
<td class='status info' title='info' alt='info'><i class='mdi-action-info-outline'></i></td>
<td class='timestamp'>15:55:07</td>
<td class='step-details'>Current State of Incident INC1021173 is Cancelled</td>
</tr>
<tr>
<td class='status fail' title='fail' alt='fail'><i class='mdi-navigation-cancel'></i></td>
<td class='timestamp'>15:55:14</td>
<td class='step-details'>Incident Ticket INC1021173 is greyed out/non-editable as the ticket is in Cancelled state</td>
</tr>
</tbody>
</table>
<ul class='collapsible node-list' data-collapsible='accordion'>
</ul>
</div>
</div>
</li>
<li class='collection-item test displayed active unknown ' extentid='59eb9270-818c-4a88-90b7-3f023337ee4f'>
<div class='test-head'>
<span class='test-name'>Cancelling the Incident Ticket </span>
<span class='test-status label right outline capitalize unknown'>unknown</span>
<span class='category-assigned hide '></span>
</div>
<div class='test-body'>
<div class='test-info'>
<span title='Test started time' alt='Test started time' class='test-started-time label green lighten-1 text-white'>2018-10-04 16:12:46</span>
<span title='Test ended time' alt='Test ended time' class='test-ended-time label red lighten-1 text-white'>2018-10-04 16:13:32</span>
<span title='Time taken to finish' alt='Time taken to finish' class='test-time-taken label blue-grey lighten-3 text-white'>0h 0m 46s+0ms</span>
</div>
<div class='test-desc'></div>
<div class='test-attributes'>
</div>
<div class='test-steps'>
<table class='bordered table-results'>
<thead>
<tr>
<th>Status</th>
<th>Timestamp</th>
<th>Details</th>
</tr>
</thead>
<tbody>
</tbody>
</table>
<ul class='collapsible node-list' data-collapsible='accordion'>
</ul>
</div>
</div>
</li>
<li class='collection-item test displayed active unknown ' extentid='94dc0138-8985-4f4a-a580-d9d3888470cc'>
<div class='test-head'>
<span class='test-name'>Cancelling the Incident Ticket </span>
<span class='test-status label right outline capitalize unknown'>unknown</span>
<span class='category-assigned hide '></span>
</div>
<div class='test-body'>
<div class='test-info'>
<span title='Test started time' alt='Test started time' class='test-started-time label green lighten-1 text-white'>2018-10-04 16:13:32</span>
<span title='Test ended time' alt='Test ended time' class='test-ended-time label red lighten-1 text-white'>2018-10-04 16:14:43</span>
<span title='Time taken to finish' alt='Time taken to finish' class='test-time-taken label blue-grey lighten-3 text-white'>0h 1m 11s+0ms</span>
</div>
<div class='test-desc'></div>
<div class='test-attributes'>
</div>
<div class='test-steps'>
<table class='bordered table-results'>
<thead>
<tr>
<th>Status</th>
<th>Timestamp</th>
<th>Details</th>
</tr>
</thead>
<tbody>
</tbody>
</table>
<ul class='collapsible node-list' data-collapsible='accordion'>
</ul>
</div>
</div>
</li>
<li class='collection-item test displayed active fail ' extentid='cd6d600b-7518-4f22-8673-ba75b199605a'>
<div class='test-head'>
<span class='test-name'>Cancelling the Incident Ticket </span>
<span class='test-status label right outline capitalize fail'>fail</span>
<span class='category-assigned hide '></span>
</div>
<div class='test-body'>
<div class='test-info'>
<span title='Test started time' alt='Test started time' class='test-started-time label green lighten-1 text-white'>2018-10-04 16:14:44</span>
<span title='Test ended time' alt='Test ended time' class='test-ended-time label red lighten-1 text-white'>2018-10-04 16:15:39</span>
<span title='Time taken to finish' alt='Time taken to finish' class='test-time-taken label blue-grey lighten-3 text-white'>0h 0m 55s+0ms</span>
</div>
<div class='test-desc'></div>
<div class='test-attributes'>
</div>
<div class='test-steps'>
<table class='bordered table-results'>
<thead>
<tr>
<th>Status</th>
<th>Timestamp</th>
<th>Details</th>
</tr>
</thead>
<tbody>
<tr>
<td class='status info' title='info' alt='info'><i class='mdi-action-info-outline'></i></td>
<td class='timestamp'>16:14:58</td>
<td class='step-details'>Incident number captured: INC1021176</td>
</tr>
<tr>
<td class='status info' title='info' alt='info'><i class='mdi-action-info-outline'></i></td>
<td class='timestamp'>16:15:21</td>
<td class='step-details'>Current State of Incident INC1021176 is New</td>
</tr>
<tr>
<td class='status info' title='info' alt='info'><i class='mdi-action-info-outline'></i></td>
<td class='timestamp'>16:15:32</td>
<td class='step-details'>Current State of Incident INC1021176 is Cancelled</td>
</tr>
<tr>
<td class='status fail' title='fail' alt='fail'><i class='mdi-navigation-cancel'></i></td>
<td class='timestamp'>16:15:38</td>
<td class='step-details'>Incident Ticket INC1021176 is greyed out/non-editable as the ticket is in Cancelled state</td>
</tr>
</tbody>
</table>
<ul class='collapsible node-list' data-collapsible='accordion'>
</ul>
</div>
</div>
</li>
<li class='collection-item test displayed active fail ' extentid='6e7645f8-61d5-4e80-9231-194f15d78ba5'>
<div class='test-head'>
<span class='test-name'>Cancelling the Incident Ticket </span>
<span class='test-status label right outline capitalize fail'>fail</span>
<span class='category-assigned hide '></span>
</div>
<div class='test-body'>
<div class='test-info'>
<span title='Test started time' alt='Test started time' class='test-started-time label green lighten-1 text-white'>2018-10-09 15:38:36</span>
<span title='Test ended time' alt='Test ended time' class='test-ended-time label red lighten-1 text-white'>2018-10-09 15:39:33</span>
<span title='Time taken to finish' alt='Time taken to finish' class='test-time-taken label blue-grey lighten-3 text-white'>0h 0m 57s+0ms</span>
</div>
<div class='test-desc'></div>
<div class='test-attributes'>
</div>
<div class='test-steps'>
<table class='bordered table-results'>
<thead>
<tr>
<th>Status</th>
<th>Timestamp</th>
<th>Details</th>
</tr>
</thead>
<tbody>
<tr>
<td class='status info' title='info' alt='info'><i class='mdi-action-info-outline'></i></td>
<td class='timestamp'>15:38:51</td>
<td class='step-details'>Incident number captured: INC1021287</td>
</tr>
<tr>
<td class='status info' title='info' alt='info'><i class='mdi-action-info-outline'></i></td>
<td class='timestamp'>15:39:14</td>
<td class='step-details'>Current State of Incident INC1021287 is New</td>
</tr>
<tr>
<td class='status info' title='info' alt='info'><i class='mdi-action-info-outline'></i></td>
<td class='timestamp'>15:39:26</td>
<td class='step-details'>Current State of Incident INC1021287 is Cancelled</td>
</tr>
<tr>
<td class='status fail' title='fail' alt='fail'><i class='mdi-navigation-cancel'></i></td>
<td class='timestamp'>15:39:33</td>
<td class='step-details'>Incident Ticket INC1021287 is greyed out/non-editable as the ticket is in Cancelled state</td>
</tr>
</tbody>
</table>
<ul class='collapsible node-list' data-collapsible='accordion'>
</ul>
</div>
</div>
</li>
<li class='collection-item test displayed active fail ' extentid='24b438e3-8af1-4536-b03d-6dd094f230f3'>
<div class='test-head'>
<span class='test-name'>Cancelling the Incident Ticket </span>
<span class='test-status label right outline capitalize fail'>fail</span>
<span class='category-assigned hide '></span>
</div>
<div class='test-body'>
<div class='test-info'>
<span title='Test started time' alt='Test started time' class='test-started-time label green lighten-1 text-white'>2018-10-10 15:46:03</span>
<span title='Test ended time' alt='Test ended time' class='test-ended-time label red lighten-1 text-white'>2018-10-10 15:47:01</span>
<span title='Time taken to finish' alt='Time taken to finish' class='test-time-taken label blue-grey lighten-3 text-white'>0h 0m 58s+0ms</span>
</div>
<div class='test-desc'></div>
<div class='test-attributes'>
</div>
<div class='test-steps'>
<table class='bordered table-results'>
<thead>
<tr>
<th>Status</th>
<th>Timestamp</th>
<th>Details</th>
</tr>
</thead>
<tbody>
<tr>
<td class='status info' title='info' alt='info'><i class='mdi-action-info-outline'></i></td>
<td class='timestamp'>15:46:19</td>
<td class='step-details'>Incident number captured: INC1021336</td>
</tr>
<tr>
<td class='status info' title='info' alt='info'><i class='mdi-action-info-outline'></i></td>
<td class='timestamp'>15:46:42</td>
<td class='step-details'>Current State of Incident INC1021336 is New</td>
</tr>
<tr>
<td class='status info' title='info' alt='info'><i class='mdi-action-info-outline'></i></td>
<td class='timestamp'>15:46:54</td>
<td class='step-details'>Current State of Incident INC1021336 is Cancelled</td>
</tr>
<tr>
<td class='status fail' title='fail' alt='fail'><i class='mdi-navigation-cancel'></i></td>
<td class='timestamp'>15:47:01</td>
<td class='step-details'>Incident Ticket INC1021336 is greyed out/non-editable as the ticket is in Cancelled state</td>
</tr>
</tbody>
</table>
<ul class='collapsible node-list' data-collapsible='accordion'>
</ul>
</div>
</div>
</li>
<li class='collection-item test displayed active pass ' extentid='43fa4bc9-4366-4e17-be7e-6dc0a54f520e'>
<div class='test-head'>
<span class='test-name'>Cancelling the Incident Ticket </span>
<span class='test-status label right outline capitalize pass'>pass</span>
<span class='category-assigned hide '></span>
</div>
<div class='test-body'>
<div class='test-info'>
<span title='Test started time' alt='Test started time' class='test-started-time label green lighten-1 text-white'>2018-10-10 15:59:45</span>
<span title='Test ended time' alt='Test ended time' class='test-ended-time label red lighten-1 text-white'>2018-10-10 16:00:12</span>
<span title='Time taken to finish' alt='Time taken to finish' class='test-time-taken label blue-grey lighten-3 text-white'>0h 0m 27s+0ms</span>
</div>
<div class='test-desc'></div>
<div class='test-attributes'>
</div>
<div class='test-steps'>
<table class='bordered table-results'>
<thead>
<tr>
<th>Status</th>
<th>Timestamp</th>
<th>Details</th>
</tr>
</thead>
<tbody>
<tr>
<td class='status info' title='info' alt='info'><i class='mdi-action-info-outline'></i></td>
<td class='timestamp'>16:00:00</td>
<td class='step-details'>Incident number captured: INC1021338</td>
</tr>
</tbody>
</table>
<ul class='collapsible node-list' data-collapsible='accordion'>
</ul>
</div>
</div>
</li>
<li class='collection-item test displayed active unknown ' extentid='aab21f9d-a622-4c0a-a05c-1a8dfbcb53dd'>
<div class='test-head'>
<span class='test-name'>Cancelling the Incident Ticket </span>
<span class='test-status label right outline capitalize unknown'>unknown</span>
<span class='category-assigned hide '></span>
</div>
<div class='test-body'>
<div class='test-info'>
<span title='Test started time' alt='Test started time' class='test-started-time label green lighten-1 text-white'>2018-10-10 16:06:25</span>
<span title='Test ended time' alt='Test ended time' class='test-ended-time label red lighten-1 text-white'>2018-10-10 16:07:28</span>
<span title='Time taken to finish' alt='Time taken to finish' class='test-time-taken label blue-grey lighten-3 text-white'>0h 1m 3s+0ms</span>
</div>
<div class='test-desc'></div>
<div class='test-attributes'>
</div>
<div class='test-steps'>
<table class='bordered table-results'>
<thead>
<tr>
<th>Status</th>
<th>Timestamp</th>
<th>Details</th>
</tr>
</thead>
<tbody>
</tbody>
</table>
<ul class='collapsible node-list' data-collapsible='accordion'>
</ul>
</div>
</div>
</li>
<li class='collection-item test displayed active fail ' extentid='6954fb0e-9f4a-40c1-a0ef-65d3c778305b'>
<div class='test-head'>
<span class='test-name'>Cancelling the Incident Ticket </span>
<span class='test-status label right outline capitalize fail'>fail</span>
<span class='category-assigned hide '></span>
</div>
<div class='test-body'>
<div class='test-info'>
<span title='Test started time' alt='Test started time' class='test-started-time label green lighten-1 text-white'>2018-10-10 16:07:28</span>
<span title='Test ended time' alt='Test ended time' class='test-ended-time label red lighten-1 text-white'>2018-10-10 16:10:04</span>
<span title='Time taken to finish' alt='Time taken to finish' class='test-time-taken label blue-grey lighten-3 text-white'>0h 2m 36s+0ms</span>
</div>
<div class='test-desc'></div>
<div class='test-attributes'>
</div>
<div class='test-steps'>
<table class='bordered table-results'>
<thead>
<tr>
<th>Status</th>
<th>Timestamp</th>
<th>Details</th>
</tr>
</thead>
<tbody>
<tr>
<td class='status info' title='info' alt='info'><i class='mdi-action-info-outline'></i></td>
<td class='timestamp'>16:07:44</td>
<td class='step-details'>Incident number captured: INC1021341</td>
</tr>
<tr>
<td class='status info' title='info' alt='info'><i class='mdi-action-info-outline'></i></td>
<td class='timestamp'>16:07:56</td>
<td class='step-details'>Incident Number is INC1021286</td>
</tr>
<tr>
<td class='status info' title='info' alt='info'><i class='mdi-action-info-outline'></i></td>
<td class='timestamp'>16:08:07</td>
<td class='step-details'>Current State of Incident INC1021286 is New</td>
</tr>
<tr>
<td class='status info' title='info' alt='info'><i class='mdi-action-info-outline'></i></td>
<td class='timestamp'>16:08:17</td>
<td class='step-details'>Current State of Incident INC1021286 is Work in Progress</td>
</tr>
<tr>
<td class='status fail' title='fail' alt='fail'><i class='mdi-navigation-cancel'></i></td>
<td class='timestamp'>16:10:04</td>
<td class='step-details'>org.openqa.selenium.TimeoutException: Expected condition failed: waiting for title to be "Incidents | ServiceNow". Current title: "INC1021286 | ServiceNow" (tried for 30 second(s) with 500 milliseconds interval) Build info: version: '3.13.0', revision: '2f0d292', time: '2018-06-25T15:24:21.231Z' System info: host: 'TP5VDIDEVTCM623', ip: '10.25.31.106', os.name: 'Windows 7', os.arch: 'amd64', os.version: '6.1', java.version: '1.8.0_171' Driver info: org.openqa.selenium.firefox.FirefoxDriver Capabilities {acceptInsecureCerts: true, browserName: firefox, browserVersion: 62.0, javascriptEnabled: true, moz:accessibilityChecks: false, moz:headless: false, moz:processID: 13900, moz:profile: C:\Users\UX011746\AppData\L..., moz:useNonSpecCompliantPointerOrigin: false, moz:webdriverClick: true, pageLoadStrategy: normal, platform: XP, platformName: XP, platformVersion: 6.1, rotatable: false, timeouts: {implicit: 0, pageLoad: 300000, script: 30000}} Session ID: bc4cc4ad-3c2b-4ff5-aecf-e5da6a58bc3d<img class="report-img" data-featherlight="file:///C:\Users\UX011746\Desktop\ServiceNowQAAutomation\ServiceNowQAAutomation\SNOWQA\target\snapshots\testResolveIncidentTicket.jpg" src="file:///C:\Users\UX011746\Desktop\ServiceNowQAAutomation\ServiceNowQAAutomation\SNOWQA\target\snapshots\testResolveIncidentTicket.jpg"></td>
</tr>
</tbody>
</table>
<ul class='collapsible node-list' data-collapsible='accordion'>
</ul>
</div>
</div>
</li>
<li class='collection-item test displayed active unknown ' extentid='5debb350-77aa-49bd-aa75-c0d4f8614682'>
<div class='test-head'>
<span class='test-name'>Cancelling the Incident Ticket </span>
<span class='test-status label right outline capitalize unknown'>unknown</span>
<span class='category-assigned hide '></span>
</div>
<div class='test-body'>
<div class='test-info'>
<span title='Test started time' alt='Test started time' class='test-started-time label green lighten-1 text-white'>2018-10-11 12:09:35</span>
<span title='Test ended time' alt='Test ended time' class='test-ended-time label red lighten-1 text-white'>2018-10-11 12:15:58</span>
<span title='Time taken to finish' alt='Time taken to finish' class='test-time-taken label blue-grey lighten-3 text-white'>0h 6m 23s+0ms</span>
</div>
<div class='test-desc'></div>
<div class='test-attributes'>
</div>
<div class='test-steps'>
<table class='bordered table-results'>
<thead>
<tr>
<th>Status</th>
<th>Timestamp</th>
<th>Details</th>
</tr>
</thead>
<tbody>
</tbody>
</table>
<ul class='collapsible node-list' data-collapsible='accordion'>
</ul>
</div>
</div>
</li>
<li class='collection-item test displayed active fail ' extentid='57965789-c4c2-4f26-8806-4127274e606b'>
<div class='test-head'>
<span class='test-name'>Cancelling the Incident Ticket </span>
<span class='test-status label right outline capitalize fail'>fail</span>
<span class='category-assigned hide '></span>
</div>
<div class='test-body'>
<div class='test-info'>
<span title='Test started time' alt='Test started time' class='test-started-time label green lighten-1 text-white'>2018-10-11 12:15:58</span>
<span title='Test ended time' alt='Test ended time' class='test-ended-time label red lighten-1 text-white'>2018-10-11 12:16:33</span>
<span title='Time taken to finish' alt='Time taken to finish' class='test-time-taken label blue-grey lighten-3 text-white'>0h 0m 35s+0ms</span>
</div>
<div class='test-desc'></div>
<div class='test-attributes'>
</div>
<div class='test-steps'>
<table class='bordered table-results'>
<thead>
<tr>
<th>Status</th>
<th>Timestamp</th>
<th>Details</th>
</tr>
</thead>
<tbody>
<tr>
<td class='status info' title='info' alt='info'><i class='mdi-action-info-outline'></i></td>
<td class='timestamp'>12:16:13</td>
<td class='step-details'>Incident number captured: INC1021368</td>
</tr>
<tr>
<td class='status info' title='info' alt='info'><i class='mdi-action-info-outline'></i></td>
<td class='timestamp'>12:16:26</td>
<td class='step-details'>Incident Number is INC1021286</td>
</tr>
<tr>
<td class='status fail' title='fail' alt='fail'><i class='mdi-navigation-cancel'></i></td>
<td class='timestamp'>12:16:29</td>
<td class='step-details'>Incident ticket INC1021286 status is not New</td>
</tr>
<tr>
<td class='status fail' title='fail' alt='fail'><i class='mdi-navigation-cancel'></i></td>
<td class='timestamp'>12:16:33</td>
<td class='step-details'>java.lang.AssertionError: expected [New] but found [Work in Progress]<img class="report-img" data-featherlight="file:///C:\Users\UX011746\Desktop\ServiceNowQAAutomation\ServiceNowQAAutomation\SNOWQA\target\snapshots\testResolveIncidentTicket.jpg" src="file:///C:\Users\UX011746\Desktop\ServiceNowQAAutomation\ServiceNowQAAutomation\SNOWQA\target\snapshots\testResolveIncidentTicket.jpg"></td>
</tr>
</tbody>
</table>
<ul class='collapsible node-list' data-collapsible='accordion'>
</ul>
</div>
</div>
</li>
<li class='collection-item test displayed active fail ' extentid='d1d19c02-cafd-481f-8eaf-65b920344994'>
<div class='test-head'>
<span class='test-name'>Cancelling the Incident Ticket </span>
<span class='test-status label right outline capitalize fail'>fail</span>
<span class='category-assigned hide '></span>
</div>
<div class='test-body'>
<div class='test-info'>
<span title='Test started time' alt='Test started time' class='test-started-time label green lighten-1 text-white'>2018-10-11 12:31:15</span>
<span title='Test ended time' alt='Test ended time' class='test-ended-time label red lighten-1 text-white'>2018-10-11 12:31:51</span>
<span title='Time taken to finish' alt='Time taken to finish' class='test-time-taken label blue-grey lighten-3 text-white'>0h 0m 36s+0ms</span>
</div>
<div class='test-desc'></div>
<div class='test-attributes'>
</div>
<div class='test-steps'>
<table class='bordered table-results'>
<thead>
<tr>
<th>Status</th>
<th>Timestamp</th>
<th>Details</th>
</tr>
</thead>
<tbody>
<tr>
<td class='status info' title='info' alt='info'><i class='mdi-action-info-outline'></i></td>
<td class='timestamp'>12:31:29</td>
<td class='step-details'>Incident number captured: INC1021369</td>
</tr>
<tr>
<td class='status info' title='info' alt='info'><i class='mdi-action-info-outline'></i></td>
<td class='timestamp'>12:31:39</td>
<td class='step-details'>Incident Number is INC1021286</td>
</tr>
<tr>
<td class='status fail' title='fail' alt='fail'><i class='mdi-navigation-cancel'></i></td>
<td class='timestamp'>12:31:51</td>
<td class='step-details'>org.openqa.selenium.WebDriverException: Failed to decode response from marionette Build info: version: '3.13.0', revision: '2f0d292', time: '2018-06-25T15:24:21.231Z' System info: host: 'TP5VDIDEVTCM623', ip: '10.25.31.106', os.name: 'Windows 7', os.arch: 'amd64', os.version: '6.1', java.version: '1.8.0_171' Driver info: org.openqa.selenium.firefox.FirefoxDriver Capabilities {acceptInsecureCerts: true, browserName: firefox, browserVersion: 62.0, javascriptEnabled: true, moz:accessibilityChecks: false, moz:headless: false, moz:processID: 10056, moz:profile: C:\Users\UX011746\AppData\L..., moz:useNonSpecCompliantPointerOrigin: false, moz:webdriverClick: true, pageLoadStrategy: normal, platform: XP, platformName: XP, platformVersion: 6.1, rotatable: false, timeouts: {implicit: 0, pageLoad: 300000, script: 30000}} Session ID: be62b989-fcee-4257-993c-9184d30681ee<img class="report-img" data-featherlight="file:///C:\Users\UX011746\Desktop\ServiceNowQAAutomation\ServiceNowQAAutomation\SNOWQA\target\snapshots\testResolveIncidentTicket.jpg" src="file:///C:\Users\UX011746\Desktop\ServiceNowQAAutomation\ServiceNowQAAutomation\SNOWQA\target\snapshots\testResolveIncidentTicket.jpg"></td>
</tr>
</tbody>
</table>
<ul class='collapsible node-list' data-collapsible='accordion'>
</ul>
</div>
</div>
</li>
<li class='collection-item test displayed active fail ' extentid='b16fc4d9-81df-4b67-bfed-be32ea1ba87d'>
<div class='test-head'>
<span class='test-name'>Cancelling the Incident Ticket </span>
<span class='test-status label right outline capitalize fail'>fail</span>
<span class='category-assigned hide '></span>
</div>
<div class='test-body'>
<div class='test-info'>
<span title='Test started time' alt='Test started time' class='test-started-time label green lighten-1 text-white'>2018-10-11 12:34:30</span>
<span title='Test ended time' alt='Test ended time' class='test-ended-time label red lighten-1 text-white'>2018-10-11 12:35:04</span>
<span title='Time taken to finish' alt='Time taken to finish' class='test-time-taken label blue-grey lighten-3 text-white'>0h 0m 34s+0ms</span>
</div>
<div class='test-desc'></div>
<div class='test-attributes'>
</div>
<div class='test-steps'>
<table class='bordered table-results'>
<thead>
<tr>
<th>Status</th>
<th>Timestamp</th>
<th>Details</th>
</tr>
</thead>
<tbody>
<tr>
<td class='status info' title='info' alt='info'><i class='mdi-action-info-outline'></i></td>
<td class='timestamp'>12:34:44</td>
<td class='step-details'>Incident number captured: INC1021370</td>
</tr>
<tr>
<td class='status info' title='info' alt='info'><i class='mdi-action-info-outline'></i></td>
<td class='timestamp'>12:34:57</td>
<td class='step-details'>Incident Number is INC1021286</td>
</tr>
<tr>
<td class='status fail' title='fail' alt='fail'><i class='mdi-navigation-cancel'></i></td>
<td class='timestamp'>12:35:00</td>
<td class='step-details'>Incident ticket INC1021286 status is not New</td>
</tr>
<tr>
<td class='status fail' title='fail' alt='fail'><i class='mdi-navigation-cancel'></i></td>
<td class='timestamp'>12:35:04</td>
<td class='step-details'>java.lang.AssertionError: expected [New] but found [Work in Progress]<img class="report-img" data-featherlight="file:///C:\Users\UX011746\Desktop\ServiceNowQAAutomation\ServiceNowQAAutomation\SNOWQA\target\snapshots\testResolveIncidentTicket.jpg" src="file:///C:\Users\UX011746\Desktop\ServiceNowQAAutomation\ServiceNowQAAutomation\SNOWQA\target\snapshots\testResolveIncidentTicket.jpg"></td>
</tr>
</tbody>
</table>
<ul class='collapsible node-list' data-collapsible='accordion'>
</ul>
</div>
</div>
</li>
<li class='collection-item test displayed active fail ' extentid='33151a48-a79b-4fd3-8272-85b5f4283a25'>
<div class='test-head'>
<span class='test-name'>Cancelling the Incident Ticket </span>
<span class='test-status label right outline capitalize fail'>fail</span>
<span class='category-assigned hide '></span>
</div>
<div class='test-body'>
<div class='test-info'>
<span title='Test started time' alt='Test started time' class='test-started-time label green lighten-1 text-white'>2018-10-11 12:42:02</span>
<span title='Test ended time' alt='Test ended time' class='test-ended-time label red lighten-1 text-white'>2018-10-11 12:42:36</span>
<span title='Time taken to finish' alt='Time taken to finish' class='test-time-taken label blue-grey lighten-3 text-white'>0h 0m 34s+0ms</span>
</div>
<div class='test-desc'></div>
<div class='test-attributes'>
</div>
<div class='test-steps'>
<table class='bordered table-results'>
<thead>
<tr>
<th>Status</th>
<th>Timestamp</th>
<th>Details</th>
</tr>
</thead>
<tbody>
<tr>
<td class='status info' title='info' alt='info'><i class='mdi-action-info-outline'></i></td>
<td class='timestamp'>12:42:17</td>
<td class='step-details'>Incident number captured: INC1021371</td>
</tr>
<tr>
<td class='status info' title='info' alt='info'><i class='mdi-action-info-outline'></i></td>
<td class='timestamp'>12:42:30</td>
<td class='step-details'>Incident Number is INC1021286</td>
</tr>
<tr>
<td class='status fail' title='fail' alt='fail'><i class='mdi-navigation-cancel'></i></td>
<td class='timestamp'>12:42:33</td>
<td class='step-details'>Incident ticket INC1021286 status is not New</td>
</tr>
<tr>
<td class='status fail' title='fail' alt='fail'><i class='mdi-navigation-cancel'></i></td>
<td class='timestamp'>12:42:36</td>
<td class='step-details'>java.lang.AssertionError: expected [New] but found [Work in Progress]<img class="report-img" data-featherlight="file:///C:\Users\UX011746\Desktop\ServiceNowQAAutomation\ServiceNowQAAutomation\SNOWQA\target\snapshots\testResolveIncidentTicket.jpg" src="file:///C:\Users\UX011746\Desktop\ServiceNowQAAutomation\ServiceNowQAAutomation\SNOWQA\target\snapshots\testResolveIncidentTicket.jpg"></td>
</tr>
</tbody>
</table>
<ul class='collapsible node-list' data-collapsible='accordion'>
</ul>
</div>
</div>
</li>
<li class='collection-item test displayed active fail ' extentid='bc43c1e1-7d94-4272-b30e-3277a60e8982'>
<div class='test-head'>
<span class='test-name'>Cancelling the Incident Ticket </span>
<span class='test-status label right outline capitalize fail'>fail</span>
<span class='category-assigned hide '></span>
</div>
<div class='test-body'>
<div class='test-info'>
<span title='Test started time' alt='Test started time' class='test-started-time label green lighten-1 text-white'>2018-10-11 12:44:23</span>
<span title='Test ended time' alt='Test ended time' class='test-ended-time label red lighten-1 text-white'>2018-10-11 12:44:55</span>
<span title='Time taken to finish' alt='Time taken to finish' class='test-time-taken label blue-grey lighten-3 text-white'>0h 0m 32s+0ms</span>
</div>
<div class='test-desc'></div>
<div class='test-attributes'>
</div>
<div class='test-steps'>
<table class='bordered table-results'>
<thead>
<tr>
<th>Status</th>
<th>Timestamp</th>
<th>Details</th>
</tr>
</thead>
<tbody>
<tr>
<td class='status info' title='info' alt='info'><i class='mdi-action-info-outline'></i></td>
<td class='timestamp'>12:44:35</td>
<td class='step-details'>Incident number captured: INC1021372</td>
</tr>
<tr>
<td class='status info' title='info' alt='info'><i class='mdi-action-info-outline'></i></td>
<td class='timestamp'>12:44:48</td>
<td class='step-details'>Incident Number is INC1021286</td>
</tr>
<tr>
<td class='status fail' title='fail' alt='fail'><i class='mdi-navigation-cancel'></i></td>
<td class='timestamp'>12:44:51</td>
<td class='step-details'>Incident ticket INC1021286 status is not New</td>
</tr>
<tr>
<td class='status fail' title='fail' alt='fail'><i class='mdi-navigation-cancel'></i></td>
<td class='timestamp'>12:44:55</td>
<td class='step-details'>java.lang.AssertionError: expected [New] but found [Work in Progress]<img class="report-img" data-featherlight="file:///C:\Users\UX011746\Desktop\ServiceNowQAAutomation\ServiceNowQAAutomation\SNOWQA\target\snapshots\testResolveIncidentTicket.jpg" src="file:///C:\Users\UX011746\Desktop\ServiceNowQAAutomation\ServiceNowQAAutomation\SNOWQA\target\snapshots\testResolveIncidentTicket.jpg"></td>
</tr>
</tbody>
</table>
<ul class='collapsible node-list' data-collapsible='accordion'>
</ul>
</div>
</div>
</li>
<li class='collection-item test displayed active fail ' extentid='46af07ec-cc62-42f0-a039-e2513709b119'>
<div class='test-head'>
<span class='test-name'>Cancelling the Incident Ticket </span>
<span class='test-status label right outline capitalize fail'>fail</span>
<span class='category-assigned hide '></span>
</div>
<div class='test-body'>
<div class='test-info'>
<span title='Test started time' alt='Test started time' class='test-started-time label green lighten-1 text-white'>2018-10-11 12:46:40</span>
<span title='Test ended time' alt='Test ended time' class='test-ended-time label red lighten-1 text-white'>2018-10-11 12:47:37</span>
<span title='Time taken to finish' alt='Time taken to finish' class='test-time-taken label blue-grey lighten-3 text-white'>0h 0m 57s+0ms</span>
</div>
<div class='test-desc'></div>
<div class='test-attributes'>
</div>
<div class='test-steps'>
<table class='bordered table-results'>
<thead>
<tr>
<th>Status</th>
<th>Timestamp</th>
<th>Details</th>
</tr>
</thead>
<tbody>
<tr>
<td class='status info' title='info' alt='info'><i class='mdi-action-info-outline'></i></td>
<td class='timestamp'>12:46:53</td>
<td class='step-details'>Incident number captured: INC1021373</td>
</tr>
<tr>
<td class='status info' title='info' alt='info'><i class='mdi-action-info-outline'></i></td>
<td class='timestamp'>12:47:15</td>
<td class='step-details'>Current State of Incident INC1021373 is New</td>
</tr>
<tr>
<td class='status info' title='info' alt='info'><i class='mdi-action-info-outline'></i></td>
<td class='timestamp'>12:47:27</td>
<td class='step-details'>Current State of Incident INC1021373 is Cancelled</td>
</tr>
<tr>
<td class='status fail' title='fail' alt='fail'><i class='mdi-navigation-cancel'></i></td>
<td class='timestamp'>12:47:37</td>
<td class='step-details'>org.openqa.selenium.WebDriverException: Failed to decode response from marionette Build info: version: '3.13.0', revision: '2f0d292', time: '2018-06-25T15:24:21.231Z' System info: host: 'TP5VDIDEVTCM623', ip: '10.25.31.106', os.name: 'Windows 7', os.arch: 'amd64', os.version: '6.1', java.version: '1.8.0_171' Driver info: org.openqa.selenium.firefox.FirefoxDriver Capabilities {acceptInsecureCerts: true, browserName: firefox, browserVersion: 62.0, javascriptEnabled: true, moz:accessibilityChecks: false, moz:headless: false, moz:processID: 11372, moz:profile: C:\Users\UX011746\AppData\L..., moz:useNonSpecCompliantPointerOrigin: false, moz:webdriverClick: true, pageLoadStrategy: normal, platform: XP, platformName: XP, platformVersion: 6.1, rotatable: false, timeouts: {implicit: 0, pageLoad: 300000, script: 30000}} Session ID: 260ae2a1-9654-419b-8e2a-b11f0d753b53<img class="report-img" data-featherlight="file:///C:\Users\UX011746\Desktop\ServiceNowQAAutomation\ServiceNowQAAutomation\SNOWQA\target\snapshots\testCancelIncidentTicket.jpg" src="file:///C:\Users\UX011746\Desktop\ServiceNowQAAutomation\ServiceNowQAAutomation\SNOWQA\target\snapshots\testCancelIncidentTicket.jpg"></td>
</tr>
</tbody>
</table>
<ul class='collapsible node-list' data-collapsible='accordion'>
</ul>
</div>
</div>
</li>
<li class='collection-item test displayed active fail ' extentid='1349cb5a-c05e-49cb-9a96-9a71a649a2db'>
<div class='test-head'>
<span class='test-name'>Cancelling the Incident Ticket </span>
<span class='test-status label right outline capitalize fail'>fail</span>
<span class='category-assigned hide '></span>
</div>
<div class='test-body'>
<div class='test-info'>
<span title='Test started time' alt='Test started time' class='test-started-time label green lighten-1 text-white'>2018-10-11 12:48:03</span>
<span title='Test ended time' alt='Test ended time' class='test-ended-time label red lighten-1 text-white'>2018-10-11 12:48:39</span>
<span title='Time taken to finish' alt='Time taken to finish' class='test-time-taken label blue-grey lighten-3 text-white'>0h 0m 36s+0ms</span>
</div>
<div class='test-desc'></div>
<div class='test-attributes'>
</div>
<div class='test-steps'>
<table class='bordered table-results'>
<thead>
<tr>
<th>Status</th>
<th>Timestamp</th>
<th>Details</th>
</tr>
</thead>
<tbody>
<tr>
<td class='status info' title='info' alt='info'><i class='mdi-action-info-outline'></i></td>
<td class='timestamp'>12:48:16</td>
<td class='step-details'>Incident number captured: INC1021374</td>
</tr>
<tr>
<td class='status fail' title='fail' alt='fail'><i class='mdi-navigation-cancel'></i></td>
<td class='timestamp'>12:48:39</td>
<td class='step-details'>org.openqa.selenium.WebDriverException: Failed to decode response from marionette Build info: version: '3.13.0', revision: '2f0d292', time: '2018-06-25T15:24:21.231Z' System info: host: 'TP5VDIDEVTCM623', ip: '10.25.31.106', os.name: 'Windows 7', os.arch: 'amd64', os.version: '6.1', java.version: '1.8.0_171' Driver info: org.openqa.selenium.firefox.FirefoxDriver Capabilities {acceptInsecureCerts: true, browserName: firefox, browserVersion: 62.0, javascriptEnabled: true, moz:accessibilityChecks: false, moz:headless: false, moz:processID: 568, moz:profile: C:\Users\UX011746\AppData\L..., moz:useNonSpecCompliantPointerOrigin: false, moz:webdriverClick: true, pageLoadStrategy: normal, platform: XP, platformName: XP, platformVersion: 6.1, rotatable: false, timeouts: {implicit: 0, pageLoad: 300000, script: 30000}} Session ID: ddfd9106-75df-4518-bcf1-6edfe43c040f<img class="report-img" data-featherlight="file:///C:\Users\UX011746\Desktop\ServiceNowQAAutomation\ServiceNowQAAutomation\SNOWQA\target\snapshots\testCancelIncidentTicket.jpg" src="file:///C:\Users\UX011746\Desktop\ServiceNowQAAutomation\ServiceNowQAAutomation\SNOWQA\target\snapshots\testCancelIncidentTicket.jpg"></td>
</tr>
</tbody>
</table>
<ul class='collapsible node-list' data-collapsible='accordion'>
</ul>
</div>
</div>
</li>
<li class='collection-item test displayed active fail ' extentid='4b577ef0-9f75-46c7-aa2e-d4952c70361c'>
<div class='test-head'>
<span class='test-name'>Cancelling the Incident Ticket </span>
<span class='test-status label right outline capitalize fail'>fail</span>
<span class='category-assigned hide '></span>
</div>
<div class='test-body'>
<div class='test-info'>
<span title='Test started time' alt='Test started time' class='test-started-time label green lighten-1 text-white'>2018-10-11 12:49:01</span>
<span title='Test ended time' alt='Test ended time' class='test-ended-time label red lighten-1 text-white'>2018-10-11 12:49:58</span>
<span title='Time taken to finish' alt='Time taken to finish' class='test-time-taken label blue-grey lighten-3 text-white'>0h 0m 57s+0ms</span>
</div>
<div class='test-desc'></div>
<div class='test-attributes'>
</div>
<div class='test-steps'>
<table class='bordered table-results'>
<thead>
<tr>
<th>Status</th>
<th>Timestamp</th>
<th>Details</th>
</tr>
</thead>
<tbody>
<tr>
<td class='status info' title='info' alt='info'><i class='mdi-action-info-outline'></i></td>
<td class='timestamp'>12:49:15</td>
<td class='step-details'>Incident number captured: INC1021375</td>
</tr>
<tr>
<td class='status info' title='info' alt='info'><i class='mdi-action-info-outline'></i></td>
<td class='timestamp'>12:49:39</td>
<td class='step-details'>Current State of Incident INC1021375 is New</td>
</tr>
<tr>
<td class='status info' title='info' alt='info'><i class='mdi-action-info-outline'></i></td>
<td class='timestamp'>12:49:51</td>
<td class='step-details'>Current State of Incident INC1021375 is Cancelled</td>
</tr>
<tr>
<td class='status fail' title='fail' alt='fail'><i class='mdi-navigation-cancel'></i></td>
<td class='timestamp'>12:49:57</td>
<td class='step-details'>Incident Ticket INC1021375 is greyed out/non-editable as the ticket is in Cancelled state</td>
</tr>
</tbody>
</table>
<ul class='collapsible node-list' data-collapsible='accordion'>
</ul>
</div>
</div>
</li>
<li class='collection-item test displayed active fail ' extentid='bfef06c6-6451-49c0-8d9c-449de7b0dc95'>
<div class='test-head'>
<span class='test-name'>Cancelling the Incident Ticket </span>
<span class='test-status label right outline capitalize fail'>fail</span>
<span class='category-assigned hide '></span>
</div>
<div class='test-body'>
<div class='test-info'>
<span title='Test started time' alt='Test started time' class='test-started-time label green lighten-1 text-white'>2018-10-11 12:52:11</span>
<span title='Test ended time' alt='Test ended time' class='test-ended-time label red lighten-1 text-white'>2018-10-11 12:52:43</span>
<span title='Time taken to finish' alt='Time taken to finish' class='test-time-taken label blue-grey lighten-3 text-white'>0h 0m 32s+0ms</span>
</div>
<div class='test-desc'></div>
<div class='test-attributes'>
</div>
<div class='test-steps'>
<table class='bordered table-results'>
<thead>
<tr>
<th>Status</th>
<th>Timestamp</th>
<th>Details</th>
</tr>
</thead>
<tbody>
<tr>
<td class='status info' title='info' alt='info'><i class='mdi-action-info-outline'></i></td>
<td class='timestamp'>12:52:24</td>
<td class='step-details'>Incident number captured: INC1021376</td>
</tr>
<tr>
<td class='status info' title='info' alt='info'><i class='mdi-action-info-outline'></i></td>
<td class='timestamp'>12:52:36</td>
<td class='step-details'>Incident Number is INC1021286</td>
</tr>
<tr>
<td class='status fail' title='fail' alt='fail'><i class='mdi-navigation-cancel'></i></td>
<td class='timestamp'>12:52:40</td>
<td class='step-details'>Incident ticket INC1021286 status is not New</td>
</tr>
<tr>
<td class='status fail' title='fail' alt='fail'><i class='mdi-navigation-cancel'></i></td>
<td class='timestamp'>12:52:43</td>
<td class='step-details'>java.lang.AssertionError: expected [New] but found [Work in Progress]<img class="report-img" data-featherlight="file:///C:\Users\UX011746\Desktop\ServiceNowQAAutomation\ServiceNowQAAutomation\SNOWQA\target\snapshots\testResolveIncidentTicket.jpg" src="file:///C:\Users\UX011746\Desktop\ServiceNowQAAutomation\ServiceNowQAAutomation\SNOWQA\target\snapshots\testResolveIncidentTicket.jpg"></td>
</tr>
</tbody>
</table>
<ul class='collapsible node-list' data-collapsible='accordion'>
</ul>
</div>
</div>
</li>
<li class='collection-item test displayed active fail ' extentid='9c8c4d11-4eb8-4f67-99b5-0badff1afd9f'>
<div class='test-head'>
<span class='test-name'>Cancelling the Incident Ticket </span>
<span class='test-status label right outline capitalize fail'>fail</span>
<span class='category-assigned hide '></span>
</div>
<div class='test-body'>
<div class='test-info'>
<span title='Test started time' alt='Test started time' class='test-started-time label green lighten-1 text-white'>2018-10-11 12:54:34</span>
<span title='Test ended time' alt='Test ended time' class='test-ended-time label red lighten-1 text-white'>2018-10-11 12:55:08</span>
<span title='Time taken to finish' alt='Time taken to finish' class='test-time-taken label blue-grey lighten-3 text-white'>0h 0m 34s+0ms</span>
</div>
<div class='test-desc'></div>
<div class='test-attributes'>
</div>
<div class='test-steps'>
<table class='bordered table-results'>
<thead>
<tr>
<th>Status</th>
<th>Timestamp</th>
<th>Details</th>
</tr>
</thead>
<tbody>
<tr>
<td class='status info' title='info' alt='info'><i class='mdi-action-info-outline'></i></td>
<td class='timestamp'>12:54:48</td>
<td class='step-details'>Incident number captured: INC1021377</td>
</tr>
<tr>
<td class='status info' title='info' alt='info'><i class='mdi-action-info-outline'></i></td>
<td class='timestamp'>12:55:01</td>
<td class='step-details'>Incident Number is INC1021286</td>
</tr>
<tr>
<td class='status fail' title='fail' alt='fail'><i class='mdi-navigation-cancel'></i></td>
<td class='timestamp'>12:55:04</td>
<td class='step-details'>Incident ticket INC1021286 status is not New</td>
</tr>
<tr>
<td class='status fail' title='fail' alt='fail'><i class='mdi-navigation-cancel'></i></td>
<td class='timestamp'>12:55:08</td>
<td class='step-details'>java.lang.AssertionError: expected [New] but found [Work in Progress]<img class="report-img" data-featherlight="file:///C:\Users\UX011746\Desktop\ServiceNowQAAutomation\ServiceNowQAAutomation\SNOWQA\target\snapshots\testResolveIncidentTicket.jpg" src="file:///C:\Users\UX011746\Desktop\ServiceNowQAAutomation\ServiceNowQAAutomation\SNOWQA\target\snapshots\testResolveIncidentTicket.jpg"></td>
</tr>
</tbody>
</table>
<ul class='collapsible node-list' data-collapsible='accordion'>
</ul>
</div>
</div>
</li>
<li class='collection-item test displayed active unknown ' extentid='7c6ef093-aff2-4a3a-9b52-63cb5c431bb2'>
<div class='test-head'>
<span class='test-name'>Cancelling the Incident Ticket </span>
<span class='test-status label right outline capitalize unknown'>unknown</span>
<span class='category-assigned hide '></span>
</div>
<div class='test-body'>
<div class='test-info'>
<span title='Test started time' alt='Test started time' class='test-started-time label green lighten-1 text-white'>2018-10-11 12:55:43</span>
<span title='Test ended time' alt='Test ended time' class='test-ended-time label red lighten-1 text-white'>2018-10-11 12:56:41</span>
<span title='Time taken to finish' alt='Time taken to finish' class='test-time-taken label blue-grey lighten-3 text-white'>0h 0m 58s+0ms</span>
</div>
<div class='test-desc'></div>
<div class='test-attributes'>
</div>
<div class='test-steps'>
<table class='bordered table-results'>
<thead>
<tr>
<th>Status</th>
<th>Timestamp</th>
<th>Details</th>
</tr>
</thead>
<tbody>
</tbody>
</table>
<ul class='collapsible node-list' data-collapsible='accordion'>
</ul>
</div>
</div>
</li>
<li class='collection-item test displayed active fail ' extentid='a42f6ded-3ca7-4eb3-ab25-8c95ef7bf694'>
<div class='test-head'>
<span class='test-name'>Cancelling the Incident Ticket </span>
<span class='test-status label right outline capitalize fail'>fail</span>
<span class='category-assigned hide '></span>
</div>
<div class='test-body'>
<div class='test-info'>
<span title='Test started time' alt='Test started time' class='test-started-time label green lighten-1 text-white'>2018-10-11 12:56:41</span>
<span title='Test ended time' alt='Test ended time' class='test-ended-time label red lighten-1 text-white'>2018-10-11 12:57:14</span>
<span title='Time taken to finish' alt='Time taken to finish' class='test-time-taken label blue-grey lighten-3 text-white'>0h 0m 33s+0ms</span>
</div>
<div class='test-desc'></div>
<div class='test-attributes'>
</div>
<div class='test-steps'>
<table class='bordered table-results'>
<thead>
<tr>
<th>Status</th>
<th>Timestamp</th>
<th>Details</th>
</tr>
</thead>
<tbody>
<tr>
<td class='status info' title='info' alt='info'><i class='mdi-action-info-outline'></i></td>
<td class='timestamp'>12:56:54</td>
<td class='step-details'>Incident number captured: INC1021379</td>
</tr>
<tr>
<td class='status info' title='info' alt='info'><i class='mdi-action-info-outline'></i></td>
<td class='timestamp'>12:57:07</td>
<td class='step-details'>Incident Number is INC1021286</td>
</tr>
<tr>
<td class='status fail' title='fail' alt='fail'><i class='mdi-navigation-cancel'></i></td>
<td class='timestamp'>12:57:11</td>
<td class='step-details'>Incident ticket INC1021286 status is not New</td>
</tr>
<tr>
<td class='status fail' title='fail' alt='fail'><i class='mdi-navigation-cancel'></i></td>
<td class='timestamp'>12:57:14</td>
<td class='step-details'>java.lang.AssertionError: expected [New] but found [Work in Progress]<img class="report-img" data-featherlight="file:///C:\Users\UX011746\Desktop\ServiceNowQAAutomation\ServiceNowQAAutomation\SNOWQA\target\snapshots\testResolveIncidentTicket.jpg" src="file:///C:\Users\UX011746\Desktop\ServiceNowQAAutomation\ServiceNowQAAutomation\SNOWQA\target\snapshots\testResolveIncidentTicket.jpg"></td>
</tr>
</tbody>
</table>
<ul class='collapsible node-list' data-collapsible='accordion'>
</ul>
</div>
</div>
</li>
<li class='collection-item test displayed active fail ' extentid='30f315ff-6d51-41d9-97c2-706d81f83999'>
<div class='test-head'>
<span class='test-name'>Cancelling the Incident Ticket </span>
<span class='test-status label right outline capitalize fail'>fail</span>
<span class='category-assigned hide '></span>
</div>
<div class='test-body'>
<div class='test-info'>
<span title='Test started time' alt='Test started time' class='test-started-time label green lighten-1 text-white'>2018-10-11 13:02:44</span>
<span title='Test ended time' alt='Test ended time' class='test-ended-time label red lighten-1 text-white'>2018-10-11 13:03:17</span>
<span title='Time taken to finish' alt='Time taken to finish' class='test-time-taken label blue-grey lighten-3 text-white'>0h 0m 33s+0ms</span>
</div>
<div class='test-desc'></div>
<div class='test-attributes'>
</div>
<div class='test-steps'>
<table class='bordered table-results'>
<thead>
<tr>
<th>Status</th>
<th>Timestamp</th>
<th>Details</th>
</tr>
</thead>
<tbody>
<tr>
<td class='status info' title='info' alt='info'><i class='mdi-action-info-outline'></i></td>
<td class='timestamp'>13:02:58</td>
<td class='step-details'>Incident number captured: INC1021380</td>
</tr>
<tr>
<td class='status info' title='info' alt='info'><i class='mdi-action-info-outline'></i></td>
<td class='timestamp'>13:03:10</td>
<td class='step-details'>Incident Number is INC1021286</td>
</tr>
<tr>
<td class='status fail' title='fail' alt='fail'><i class='mdi-navigation-cancel'></i></td>
<td class='timestamp'>13:03:14</td>
<td class='step-details'>Incident ticket INC1021286 status is not New</td>
</tr>
<tr>
<td class='status fail' title='fail' alt='fail'><i class='mdi-navigation-cancel'></i></td>
<td class='timestamp'>13:03:17</td>
<td class='step-details'>java.lang.AssertionError: expected [New] but found [Work in Progress]<img class="report-img" data-featherlight="file:///C:\Users\UX011746\Desktop\ServiceNowQAAutomation\ServiceNowQAAutomation\SNOWQA\target\snapshots\testResolveIncidentTicket.jpg" src="file:///C:\Users\UX011746\Desktop\ServiceNowQAAutomation\ServiceNowQAAutomation\SNOWQA\target\snapshots\testResolveIncidentTicket.jpg"></td>
</tr>
</tbody>
</table>
<ul class='collapsible node-list' data-collapsible='accordion'>
</ul>
</div>
</div>
</li>
<li class='collection-item test displayed active fail ' extentid='8c74fffb-ebf5-418b-b50c-f92e2d325b62'>
<div class='test-head'>
<span class='test-name'>Cancelling the Incident Ticket </span>
<span class='test-status label right outline capitalize fail'>fail</span>
<span class='category-assigned hide '></span>
</div>
<div class='test-body'>
<div class='test-info'>
<span title='Test started time' alt='Test started time' class='test-started-time label green lighten-1 text-white'>2018-10-11 15:33:45</span>
<span title='Test ended time' alt='Test ended time' class='test-ended-time label red lighten-1 text-white'>2018-10-11 15:34:44</span>
<span title='Time taken to finish' alt='Time taken to finish' class='test-time-taken label blue-grey lighten-3 text-white'>0h 0m 59s+0ms</span>
</div>
<div class='test-desc'></div>
<div class='test-attributes'>
</div>
<div class='test-steps'>
<table class='bordered table-results'>
<thead>
<tr>
<th>Status</th>
<th>Timestamp</th>
<th>Details</th>
</tr>
</thead>
<tbody>
<tr>
<td class='status info' title='info' alt='info'><i class='mdi-action-info-outline'></i></td>
<td class='timestamp'>15:34:01</td>
<td class='step-details'>Incident number captured: INC1021385</td>
</tr>
<tr>
<td class='status info' title='info' alt='info'><i class='mdi-action-info-outline'></i></td>
<td class='timestamp'>15:34:25</td>
<td class='step-details'>Current State of Incident INC1021385 is New</td>
</tr>
<tr>
<td class='status info' title='info' alt='info'><i class='mdi-action-info-outline'></i></td>
<td class='timestamp'>15:34:36</td>
<td class='step-details'>Current State of Incident INC1021385 is Cancelled</td>
</tr>
<tr>
<td class='status fail' title='fail' alt='fail'><i class='mdi-navigation-cancel'></i></td>
<td class='timestamp'>15:34:44</td>
<td class='step-details'>Incident Ticket INC1021385 is greyed out/non-editable as the ticket is in Cancelled state</td>
</tr>
</tbody>
</table>
<ul class='collapsible node-list' data-collapsible='accordion'>
</ul>
</div>
</div>
</li>
<li class='collection-item test displayed active fail ' extentid='20cd9097-91b2-491e-9d5e-c023cada5133'>
<div class='test-head'>
<span class='test-name'>Cancelling the Incident Ticket </span>
<span class='test-status label right outline capitalize fail'>fail</span>
<span class='category-assigned hide '></span>
</div>
<div class='test-body'>
<div class='test-info'>
<span title='Test started time' alt='Test started time' class='test-started-time label green lighten-1 text-white'>2018-10-11 15:35:28</span>
<span title='Test ended time' alt='Test ended time' class='test-ended-time label red lighten-1 text-white'>2018-10-11 15:37:48</span>
<span title='Time taken to finish' alt='Time taken to finish' class='test-time-taken label blue-grey lighten-3 text-white'>0h 2m 20s+0ms</span>
</div>
<div class='test-desc'></div>
<div class='test-attributes'>
</div>
<div class='test-steps'>
<table class='bordered table-results'>
<thead>
<tr>
<th>Status</th>
<th>Timestamp</th>
<th>Details</th>
</tr>
</thead>
<tbody>
<tr>
<td class='status info' title='info' alt='info'><i class='mdi-action-info-outline'></i></td>
<td class='timestamp'>15:35:43</td>
<td class='step-details'>Incident number captured: INC1021386</td>
</tr>
<tr>
<td class='status info' title='info' alt='info'><i class='mdi-action-info-outline'></i></td>
<td class='timestamp'>15:36:10</td>
<td class='step-details'>Current State of Incident INC1021386 is New</td>
</tr>
<tr>
<td class='status fail' title='fail' alt='fail'><i class='mdi-navigation-cancel'></i></td>
<td class='timestamp'>15:37:48</td>
<td class='step-details'>org.openqa.selenium.TimeoutException: Expected condition failed: waiting for title to be "Incidents | ServiceNow". Current title: "INC1021386 | ServiceNow" (tried for 30 second(s) with 500 milliseconds interval) Build info: version: '3.13.0', revision: '2f0d292', time: '2018-06-25T15:24:21.231Z' System info: host: 'TP5VDIDEVTCM623', ip: '10.25.31.106', os.name: 'Windows 7', os.arch: 'amd64', os.version: '6.1', java.version: '1.8.0_171' Driver info: org.openqa.selenium.firefox.FirefoxDriver Capabilities {acceptInsecureCerts: true, browserName: firefox, browserVersion: 62.0, javascriptEnabled: true, moz:accessibilityChecks: false, moz:headless: false, moz:processID: 14736, moz:profile: C:\Users\UX011746\AppData\L..., moz:useNonSpecCompliantPointerOrigin: false, moz:webdriverClick: true, pageLoadStrategy: normal, platform: XP, platformName: XP, platformVersion: 6.1, rotatable: false, timeouts: {implicit: 0, pageLoad: 300000, script: 30000}} Session ID: 56d5689b-70c3-44fd-9613-6dbf271dc8de<img class="report-img" data-featherlight="file:///C:\Users\UX011746\Desktop\ServiceNowQAAutomation\ServiceNowQAAutomation\SNOWQA\target\snapshots\testResolveIncidentTicket.jpg" src="file:///C:\Users\UX011746\Desktop\ServiceNowQAAutomation\ServiceNowQAAutomation\SNOWQA\target\snapshots\testResolveIncidentTicket.jpg"></td>
</tr>
</tbody>
</table>
<ul class='collapsible node-list' data-collapsible='accordion'>
</ul>
</div>
</div>
</li>
<li class='collection-item test displayed active fail ' extentid='674966fc-0fc7-48b0-83d3-9de631a038cb'>
<div class='test-head'>
<span class='test-name'>Cancelling the Incident Ticket </span>
<span class='test-status label right outline capitalize fail'>fail</span>
<span class='category-assigned hide '></span>
</div>
<div class='test-body'>
<div class='test-info'>
<span title='Test started time' alt='Test started time' class='test-started-time label green lighten-1 text-white'>2018-10-11 15:47:05</span>
<span title='Test ended time' alt='Test ended time' class='test-ended-time label red lighten-1 text-white'>2018-10-11 15:47:30</span>
<span title='Time taken to finish' alt='Time taken to finish' class='test-time-taken label blue-grey lighten-3 text-white'>0h 0m 25s+0ms</span>
</div>
<div class='test-desc'></div>
<div class='test-attributes'>
</div>
<div class='test-steps'>
<table class='bordered table-results'>
<thead>
<tr>
<th>Status</th>
<th>Timestamp</th>
<th>Details</th>
</tr>
</thead>
<tbody>
<tr>
<td class='status info' title='info' alt='info'><i class='mdi-action-info-outline'></i></td>
<td class='timestamp'>15:47:21</td>
<td class='step-details'>Incident number captured: INC1021388</td>
</tr>
<tr>
<td class='status fail' title='fail' alt='fail'><i class='mdi-navigation-cancel'></i></td>
<td class='timestamp'>15:47:30</td>
<td class='step-details'>org.openqa.selenium.WebDriverException: Failed to convert data to an object Build info: version: '3.13.0', revision: '2f0d292', time: '2018-06-25T15:24:21.231Z' System info: host: 'TP5VDIDEVTCM623', ip: '10.25.31.106', os.name: 'Windows 7', os.arch: 'amd64', os.version: '6.1', java.version: '1.8.0_171' Driver info: org.openqa.selenium.firefox.FirefoxDriver Capabilities {acceptInsecureCerts: true, browserName: firefox, browserVersion: 62.0, javascriptEnabled: true, moz:accessibilityChecks: false, moz:headless: false, moz:processID: 12336, moz:profile: C:\Users\UX011746\AppData\L..., moz:useNonSpecCompliantPointerOrigin: false, moz:webdriverClick: true, pageLoadStrategy: normal, platform: XP, platformName: XP, platformVersion: 6.1, rotatable: false, timeouts: {implicit: 0, pageLoad: 300000, script: 30000}} Session ID: afa191f5-8f89-4e55-b052-35f6150a059c *** Element info: {Using=xpath, value=//input[@id='sys_display.incident.u_opened_by_group']}<img class="report-img" data-featherlight="file:///C:\Users\UX011746\Desktop\ServiceNowQAAutomation\ServiceNowQAAutomation\SNOWQA\target\snapshots\testResolveIncidentTicket.jpg" src="file:///C:\Users\UX011746\Desktop\ServiceNowQAAutomation\ServiceNowQAAutomation\SNOWQA\target\snapshots\testResolveIncidentTicket.jpg"></td>
</tr>
</tbody>
</table>
<ul class='collapsible node-list' data-collapsible='accordion'>
</ul>
</div>
</div>
</li>
<li class='collection-item test displayed active unknown ' extentid='b12f4df1-cdd9-44b4-8bb5-051d92dd365a'>
<div class='test-head'>
<span class='test-name'>Cancelling the Incident Ticket </span>
<span class='test-status label right outline capitalize unknown'>unknown</span>
<span class='category-assigned hide '></span>
</div>
<div class='test-body'>
<div class='test-info'>
<span title='Test started time' alt='Test started time' class='test-started-time label green lighten-1 text-white'>2018-10-11 16:55:00</span>
<span title='Test ended time' alt='Test ended time' class='test-ended-time label red lighten-1 text-white'>2018-10-11 17:01:09</span>
<span title='Time taken to finish' alt='Time taken to finish' class='test-time-taken label blue-grey lighten-3 text-white'>0h 6m 9s+0ms</span>
</div>
<div class='test-desc'></div>
<div class='test-attributes'>
</div>
<div class='test-steps'>
<table class='bordered table-results'>
<thead>
<tr>
<th>Status</th>
<th>Timestamp</th>
<th>Details</th>
</tr>
</thead>
<tbody>
</tbody>
</table>
<ul class='collapsible node-list' data-collapsible='accordion'>
</ul>
</div>
</div>
</li>
<li class='collection-item test displayed active unknown ' extentid='39024ac4-6bf8-460b-8986-c00d003ea8fb'>
<div class='test-head'>
<span class='test-name'>Cancelling the Incident Ticket </span>
<span class='test-status label right outline capitalize unknown'>unknown</span>
<span class='category-assigned hide '></span>
</div>
<div class='test-body'>
<div class='test-info'>
<span title='Test started time' alt='Test started time' class='test-started-time label green lighten-1 text-white'>2018-10-11 17:01:09</span>
<span title='Test ended time' alt='Test ended time' class='test-ended-time label red lighten-1 text-white'>2018-10-11 17:05:12</span>
<span title='Time taken to finish' alt='Time taken to finish' class='test-time-taken label blue-grey lighten-3 text-white'>0h 4m 3s+0ms</span>
</div>
<div class='test-desc'></div>
<div class='test-attributes'>
</div>
<div class='test-steps'>
<table class='bordered table-results'>
<thead>
<tr>
<th>Status</th>
<th>Timestamp</th>
<th>Details</th>
</tr>
</thead>
<tbody>
</tbody>
</table>
<ul class='collapsible node-list' data-collapsible='accordion'>
</ul>
</div>
</div>
</li>
<li class='collection-item test displayed active fail ' extentid='eb695e7e-7eac-42a9-b526-3f6d5fe09603'>
<div class='test-head'>
<span class='test-name'>Cancelling the Incident Ticket </span>
<span class='test-status label right outline capitalize fail'>fail</span>
<span class='category-assigned hide '></span>
</div>
<div class='test-body'>
<div class='test-info'>
<span title='Test started time' alt='Test started time' class='test-started-time label green lighten-1 text-white'>2018-10-11 17:05:12</span>
<span title='Test ended time' alt='Test ended time' class='test-ended-time label red lighten-1 text-white'>2018-10-11 17:06:26</span>
<span title='Time taken to finish' alt='Time taken to finish' class='test-time-taken label blue-grey lighten-3 text-white'>0h 1m 14s+0ms</span>
</div>
<div class='test-desc'></div>
<div class='test-attributes'>
</div>
<div class='test-steps'>
<table class='bordered table-results'>
<thead>
<tr>
<th>Status</th>
<th>Timestamp</th>
<th>Details</th>
</tr>
</thead>
<tbody>
<tr>
<td class='status info' title='info' alt='info'><i class='mdi-action-info-outline'></i></td>
<td class='timestamp'>17:05:25</td>
<td class='step-details'>Incident number captured: INC1021392</td>
</tr>
<tr>
<td class='status info' title='info' alt='info'><i class='mdi-action-info-outline'></i></td>
<td class='timestamp'>17:05:49</td>
<td class='step-details'>Current State of Incident INC1021392 is New</td>
</tr>
<tr>
<td class='status fail' title='fail' alt='fail'><i class='mdi-navigation-cancel'></i></td>
<td class='timestamp'>17:06:26</td>
<td class='step-details'>org.openqa.selenium.TimeoutException: Expected condition failed: waiting for title to be "Incidents | ServiceNow". Current title: "INC1021392 | ServiceNow" (tried for 30 second(s) with 500 milliseconds interval) Build info: version: '3.13.0', revision: '2f0d292', time: '2018-06-25T15:24:21.231Z' System info: host: 'TP5VDIDEVTCM623', ip: '10.25.31.106', os.name: 'Windows 7', os.arch: 'amd64', os.version: '6.1', java.version: '1.8.0_171' Driver info: org.openqa.selenium.firefox.FirefoxDriver Capabilities {acceptInsecureCerts: true, browserName: firefox, browserVersion: 62.0, javascriptEnabled: true, moz:accessibilityChecks: false, moz:headless: false, moz:processID: 11708, moz:profile: C:\Users\UX011746\AppData\L..., moz:useNonSpecCompliantPointerOrigin: false, moz:webdriverClick: true, pageLoadStrategy: normal, platform: XP, platformName: XP, platformVersion: 6.1, rotatable: false, timeouts: {implicit: 0, pageLoad: 300000, script: 30000}} Session ID: c7ee0fb9-fd65-4486-9c1f-51ddca46d7cb<img class="report-img" data-featherlight="file:///C:\Users\UX011746\Desktop\ServiceNowQAAutomation\ServiceNowQAAutomation\SNOWQA\target\snapshots\testResolveIncidentTicket.jpg" src="file:///C:\Users\UX011746\Desktop\ServiceNowQAAutomation\ServiceNowQAAutomation\SNOWQA\target\snapshots\testResolveIncidentTicket.jpg"></td>
</tr>
</tbody>
</table>
<ul class='collapsible node-list' data-collapsible='accordion'>
</ul>
</div>
</div>
</li>
<li class='collection-item test displayed active fail ' extentid='7c1ccfe0-631c-4e16-8e8f-ffe1fb4d70e5'>
<div class='test-head'>
<span class='test-name'>Cancelling the Incident Ticket </span>
<span class='test-status label right outline capitalize fail'>fail</span>
<span class='category-assigned hide '></span>
</div>
<div class='test-body'>
<div class='test-info'>
<span title='Test started time' alt='Test started time' class='test-started-time label green lighten-1 text-white'>2018-10-11 17:07:35</span>
<span title='Test ended time' alt='Test ended time' class='test-ended-time label red lighten-1 text-white'>2018-10-11 17:08:50</span>
<span title='Time taken to finish' alt='Time taken to finish' class='test-time-taken label blue-grey lighten-3 text-white'>0h 1m 15s+0ms</span>
</div>
<div class='test-desc'></div>
<div class='test-attributes'>
</div>
<div class='test-steps'>
<table class='bordered table-results'>
<thead>
<tr>
<th>Status</th>
<th>Timestamp</th>
<th>Details</th>
</tr>
</thead>
<tbody>
<tr>
<td class='status info' title='info' alt='info'><i class='mdi-action-info-outline'></i></td>
<td class='timestamp'>17:07:51</td>
<td class='step-details'>Incident number captured: INC1021393</td>
</tr>
<tr>
<td class='status info' title='info' alt='info'><i class='mdi-action-info-outline'></i></td>
<td class='timestamp'>17:08:14</td>
<td class='step-details'>Current State of Incident INC1021393 is New</td>
</tr>
<tr>
<td class='status fail' title='fail' alt='fail'><i class='mdi-navigation-cancel'></i></td>
<td class='timestamp'>17:08:50</td>
<td class='step-details'>org.openqa.selenium.TimeoutException: Expected condition failed: waiting for title to be "Incidents | ServiceNow". Current title: "INC1021393 | ServiceNow" (tried for 30 second(s) with 500 milliseconds interval) Build info: version: '3.13.0', revision: '2f0d292', time: '2018-06-25T15:24:21.231Z' System info: host: 'TP5VDIDEVTCM623', ip: '10.25.31.106', os.name: 'Windows 7', os.arch: 'amd64', os.version: '6.1', java.version: '1.8.0_171' Driver info: org.openqa.selenium.firefox.FirefoxDriver Capabilities {acceptInsecureCerts: true, browserName: firefox, browserVersion: 62.0, javascriptEnabled: true, moz:accessibilityChecks: false, moz:headless: false, moz:processID: 12712, moz:profile: C:\Users\UX011746\AppData\L..., moz:useNonSpecCompliantPointerOrigin: false, moz:webdriverClick: true, pageLoadStrategy: normal, platform: XP, platformName: XP, platformVersion: 6.1, rotatable: false, timeouts: {implicit: 0, pageLoad: 300000, script: 30000}} Session ID: 0c4aae9f-4d85-410e-8934-aba08db98313<img class="report-img" data-featherlight="file:///C:\Users\UX011746\Desktop\ServiceNowQAAutomation\ServiceNowQAAutomation\SNOWQA\target\snapshots\testResolveIncidentTicket.jpg" src="file:///C:\Users\UX011746\Desktop\ServiceNowQAAutomation\ServiceNowQAAutomation\SNOWQA\target\snapshots\testResolveIncidentTicket.jpg"></td>
</tr>
</tbody>
</table>
<ul class='collapsible node-list' data-collapsible='accordion'>
</ul>
</div>
</div>
</li>
<li class='collection-item test displayed active fail ' extentid='c31d3640-6a0c-47ba-b29c-5d854fba4892'>
<div class='test-head'>
<span class='test-name'>Cancelling the Incident Ticket </span>
<span class='test-status label right outline capitalize fail'>fail</span>
<span class='category-assigned hide '></span>
</div>
<div class='test-body'>
<div class='test-info'>
<span title='Test started time' alt='Test started time' class='test-started-time label green lighten-1 text-white'>2018-10-11 17:09:16</span>
<span title='Test ended time' alt='Test ended time' class='test-ended-time label red lighten-1 text-white'>2018-10-11 17:10:31</span>
<span title='Time taken to finish' alt='Time taken to finish' class='test-time-taken label blue-grey lighten-3 text-white'>0h 1m 15s+0ms</span>
</div>
<div class='test-desc'></div>
<div class='test-attributes'>
</div>
<div class='test-steps'>
<table class='bordered table-results'>
<thead>
<tr>
<th>Status</th>
<th>Timestamp</th>
<th>Details</th>
</tr>
</thead>
<tbody>
<tr>
<td class='status info' title='info' alt='info'><i class='mdi-action-info-outline'></i></td>
<td class='timestamp'>17:09:30</td>
<td class='step-details'>Incident number captured: INC1021394</td>
</tr>
<tr>
<td class='status info' title='info' alt='info'><i class='mdi-action-info-outline'></i></td>
<td class='timestamp'>17:09:52</td>
<td class='step-details'>Current State of Incident INC1021394 is New</td>
</tr>
<tr>
<td class='status fail' title='fail' alt='fail'><i class='mdi-navigation-cancel'></i></td>
<td class='timestamp'>17:10:31</td>
<td class='step-details'>org.openqa.selenium.TimeoutException: Expected condition failed: waiting for title to be "Incidents | ServiceNow". Current title: "INC1021394 | ServiceNow" (tried for 30 second(s) with 500 milliseconds interval) Build info: version: '3.13.0', revision: '2f0d292', time: '2018-06-25T15:24:21.231Z' System info: host: 'TP5VDIDEVTCM623', ip: '10.25.31.106', os.name: 'Windows 7', os.arch: 'amd64', os.version: '6.1', java.version: '1.8.0_171' Driver info: org.openqa.selenium.firefox.FirefoxDriver Capabilities {acceptInsecureCerts: true, browserName: firefox, browserVersion: 62.0, javascriptEnabled: true, moz:accessibilityChecks: false, moz:headless: false, moz:processID: 16412, moz:profile: C:\Users\UX011746\AppData\L..., moz:useNonSpecCompliantPointerOrigin: false, moz:webdriverClick: true, pageLoadStrategy: normal, platform: XP, platformName: XP, platformVersion: 6.1, rotatable: false, timeouts: {implicit: 0, pageLoad: 300000, script: 30000}} Session ID: b1debd74-1a74-4e36-ab69-696e42dff45d<img class="report-img" data-featherlight="file:///C:\Users\UX011746\Desktop\ServiceNowQAAutomation\ServiceNowQAAutomation\SNOWQA\target\snapshots\testResolveIncidentTicket.jpg" src="file:///C:\Users\UX011746\Desktop\ServiceNowQAAutomation\ServiceNowQAAutomation\SNOWQA\target\snapshots\testResolveIncidentTicket.jpg"></td>
</tr>
</tbody>
</table>
<ul class='collapsible node-list' data-collapsible='accordion'>
</ul>
</div>
</div>
</li>
<li class='collection-item test displayed active fail ' extentid='c52204a8-a9f4-4d0d-b1ab-134a5c1e3aea'>
<div class='test-head'>
<span class='test-name'>Cancelling the Incident Ticket </span>
<span class='test-status label right outline capitalize fail'>fail</span>
<span class='category-assigned hide '></span>
</div>
<div class='test-body'>
<div class='test-info'>
<span title='Test started time' alt='Test started time' class='test-started-time label green lighten-1 text-white'>2018-10-11 17:12:32</span>
<span title='Test ended time' alt='Test ended time' class='test-ended-time label red lighten-1 text-white'>2018-10-11 17:13:49</span>
<span title='Time taken to finish' alt='Time taken to finish' class='test-time-taken label blue-grey lighten-3 text-white'>0h 1m 17s+0ms</span>
</div>
<div class='test-desc'></div>
<div class='test-attributes'>
</div>
<div class='test-steps'>
<table class='bordered table-results'>
<thead>
<tr>
<th>Status</th>
<th>Timestamp</th>
<th>Details</th>
</tr>
</thead>
<tbody>
<tr>
<td class='status info' title='info' alt='info'><i class='mdi-action-info-outline'></i></td>
<td class='timestamp'>17:12:45</td>
<td class='step-details'>Incident number captured: INC1021395</td>
</tr>
<tr>
<td class='status info' title='info' alt='info'><i class='mdi-action-info-outline'></i></td>
<td class='timestamp'>17:13:10</td>
<td class='step-details'>Current State of Incident INC1021395 is New</td>
</tr>
<tr>
<td class='status fail' title='fail' alt='fail'><i class='mdi-navigation-cancel'></i></td>
<td class='timestamp'>17:13:49</td>
<td class='step-details'>org.openqa.selenium.TimeoutException: Expected condition failed: waiting for title to be "Incidents | ServiceNow". Current title: "INC1021395 | ServiceNow" (tried for 30 second(s) with 500 milliseconds interval) Build info: version: '3.13.0', revision: '2f0d292', time: '2018-06-25T15:24:21.231Z' System info: host: 'TP5VDIDEVTCM623', ip: '10.25.31.106', os.name: 'Windows 7', os.arch: 'amd64', os.version: '6.1', java.version: '1.8.0_171' Driver info: org.openqa.selenium.firefox.FirefoxDriver Capabilities {acceptInsecureCerts: true, browserName: firefox, browserVersion: 62.0, javascriptEnabled: true, moz:accessibilityChecks: false, moz:headless: false, moz:processID: 4112, moz:profile: C:\Users\UX011746\AppData\L..., moz:useNonSpecCompliantPointerOrigin: false, moz:webdriverClick: true, pageLoadStrategy: normal, platform: XP, platformName: XP, platformVersion: 6.1, rotatable: false, timeouts: {implicit: 0, pageLoad: 300000, script: 30000}} Session ID: acd631d4-22bf-4927-9f7a-a6b0945c6876<img class="report-img" data-featherlight="file:///C:\Users\UX011746\Desktop\ServiceNowQAAutomation\ServiceNowQAAutomation\SNOWQA\target\snapshots\testResolveIncidentTicket.jpg" src="file:///C:\Users\UX011746\Desktop\ServiceNowQAAutomation\ServiceNowQAAutomation\SNOWQA\target\snapshots\testResolveIncidentTicket.jpg"></td>
</tr>
</tbody>
</table>
<ul class='collapsible node-list' data-collapsible='accordion'>
</ul>
</div>
</div>
</li>
<li class='collection-item test displayed active fail ' extentid='8722d279-7ae4-4dbc-8374-fe7ef8add5af'>
<div class='test-head'>
<span class='test-name'>Cancelling the Incident Ticket </span>
<span class='test-status label right outline capitalize fail'>fail</span>
<span class='category-assigned hide '></span>
</div>
<div class='test-body'>
<div class='test-info'>
<span title='Test started time' alt='Test started time' class='test-started-time label green lighten-1 text-white'>2018-10-11 17:16:50</span>
<span title='Test ended time' alt='Test ended time' class='test-ended-time label red lighten-1 text-white'>2018-10-11 17:18:05</span>
<span title='Time taken to finish' alt='Time taken to finish' class='test-time-taken label blue-grey lighten-3 text-white'>0h 1m 15s+0ms</span>
</div>
<div class='test-desc'></div>
<div class='test-attributes'>
</div>
<div class='test-steps'>
<table class='bordered table-results'>
<thead>
<tr>
<th>Status</th>
<th>Timestamp</th>
<th>Details</th>
</tr>
</thead>
<tbody>
<tr>
<td class='status info' title='info' alt='info'><i class='mdi-action-info-outline'></i></td>
<td class='timestamp'>17:17:03</td>
<td class='step-details'>Incident number captured: INC1021397</td>
</tr>
<tr>
<td class='status info' title='info' alt='info'><i class='mdi-action-info-outline'></i></td>
<td class='timestamp'>17:17:26</td>
<td class='step-details'>Current State of Incident INC1021397 is New</td>
</tr>
<tr>
<td class='status fail' title='fail' alt='fail'><i class='mdi-navigation-cancel'></i></td>
<td class='timestamp'>17:18:05</td>
<td class='step-details'>org.openqa.selenium.TimeoutException: Expected condition failed: waiting for title to be "Incidents | ServiceNow". Current title: "INC1021397 | ServiceNow" (tried for 30 second(s) with 500 milliseconds interval) Build info: version: '3.13.0', revision: '2f0d292', time: '2018-06-25T15:24:21.231Z' System info: host: 'TP5VDIDEVTCM623', ip: '10.25.31.106', os.name: 'Windows 7', os.arch: 'amd64', os.version: '6.1', java.version: '1.8.0_171' Driver info: org.openqa.selenium.firefox.FirefoxDriver Capabilities {acceptInsecureCerts: true, browserName: firefox, browserVersion: 62.0, javascriptEnabled: true, moz:accessibilityChecks: false, moz:headless: false, moz:processID: 13000, moz:profile: C:\Users\UX011746\AppData\L..., moz:useNonSpecCompliantPointerOrigin: false, moz:webdriverClick: true, pageLoadStrategy: normal, platform: XP, platformName: XP, platformVersion: 6.1, rotatable: false, timeouts: {implicit: 0, pageLoad: 300000, script: 30000}} Session ID: ce23dee5-97fd-4b81-b6e9-4465354dbbed<img class="report-img" data-featherlight="file:///C:\Users\UX011746\Desktop\ServiceNowQAAutomation\ServiceNowQAAutomation\SNOWQA\target\snapshots\testResolveIncidentTicket.jpg" src="file:///C:\Users\UX011746\Desktop\ServiceNowQAAutomation\ServiceNowQAAutomation\SNOWQA\target\snapshots\testResolveIncidentTicket.jpg"></td>
</tr>
</tbody>
</table>
<ul class='collapsible node-list' data-collapsible='accordion'>
</ul>
</div>
</div>
</li>
<li class='collection-item test displayed active unknown ' extentid='f79a1ff7-b205-4452-9bc4-e86c00620aff'>
<div class='test-head'>
<span class='test-name'>Cancelling the Incident Ticket </span>
<span class='test-status label right outline capitalize unknown'>unknown</span>
<span class='category-assigned hide '></span>
</div>
<div class='test-body'>
<div class='test-info'>
<span title='Test started time' alt='Test started time' class='test-started-time label green lighten-1 text-white'>2018-10-11 17:18:43</span>
<span title='Test ended time' alt='Test ended time' class='test-ended-time label red lighten-1 text-white'>2018-10-11 17:19:41</span>
<span title='Time taken to finish' alt='Time taken to finish' class='test-time-taken label blue-grey lighten-3 text-white'>0h 0m 58s+0ms</span>
</div>
<div class='test-desc'></div>
<div class='test-attributes'>
</div>
<div class='test-steps'>
<table class='bordered table-results'>
<thead>
<tr>
<th>Status</th>
<th>Timestamp</th>
<th>Details</th>
</tr>
</thead>
<tbody>
</tbody>
</table>
<ul class='collapsible node-list' data-collapsible='accordion'>
</ul>
</div>
</div>
</li>
<li class='collection-item test displayed active fail ' extentid='1695cc68-3ed6-4394-95e5-5b923759af7a'>
<div class='test-head'>
<span class='test-name'>Cancelling the Incident Ticket </span>
<span class='test-status label right outline capitalize fail'>fail</span>
<span class='category-assigned hide '></span>
</div>
<div class='test-body'>
<div class='test-info'>
<span title='Test started time' alt='Test started time' class='test-started-time label green lighten-1 text-white'>2018-10-11 17:19:42</span>
<span title='Test ended time' alt='Test ended time' class='test-ended-time label red lighten-1 text-white'>2018-10-11 17:20:58</span>
<span title='Time taken to finish' alt='Time taken to finish' class='test-time-taken label blue-grey lighten-3 text-white'>0h 1m 16s+0ms</span>
</div>
<div class='test-desc'></div>
<div class='test-attributes'>
</div>
<div class='test-steps'>
<table class='bordered table-results'>
<thead>
<tr>
<th>Status</th>
<th>Timestamp</th>
<th>Details</th>
</tr>
</thead>
<tbody>
<tr>
<td class='status info' title='info' alt='info'><i class='mdi-action-info-outline'></i></td>
<td class='timestamp'>17:19:55</td>
<td class='step-details'>Incident number captured: INC1021399</td>
</tr>
<tr>
<td class='status info' title='info' alt='info'><i class='mdi-action-info-outline'></i></td>
<td class='timestamp'>17:20:19</td>
<td class='step-details'>Current State of Incident INC1021399 is New</td>
</tr>
<tr>
<td class='status fail' title='fail' alt='fail'><i class='mdi-navigation-cancel'></i></td>
<td class='timestamp'>17:20:58</td>
<td class='step-details'>org.openqa.selenium.TimeoutException: Expected condition failed: waiting for title to be "Incidents | ServiceNow". Current title: "INC1021399 | ServiceNow" (tried for 30 second(s) with 500 milliseconds interval) Build info: version: '3.13.0', revision: '2f0d292', time: '2018-06-25T15:24:21.231Z' System info: host: 'TP5VDIDEVTCM623', ip: '10.25.31.106', os.name: 'Windows 7', os.arch: 'amd64', os.version: '6.1', java.version: '1.8.0_171' Driver info: org.openqa.selenium.firefox.FirefoxDriver Capabilities {acceptInsecureCerts: true, browserName: firefox, browserVersion: 62.0, javascriptEnabled: true, moz:accessibilityChecks: false, moz:headless: false, moz:processID: 21384, moz:profile: C:\Users\UX011746\AppData\L..., moz:useNonSpecCompliantPointerOrigin: false, moz:webdriverClick: true, pageLoadStrategy: normal, platform: XP, platformName: XP, platformVersion: 6.1, rotatable: false, timeouts: {implicit: 0, pageLoad: 300000, script: 30000}} Session ID: b7e46eb3-19e5-4497-8b39-bd391554b151<img class="report-img" data-featherlight="file:///C:\Users\UX011746\Desktop\ServiceNowQAAutomation\ServiceNowQAAutomation\SNOWQA\target\snapshots\testResolveIncidentTicket.jpg" src="file:///C:\Users\UX011746\Desktop\ServiceNowQAAutomation\ServiceNowQAAutomation\SNOWQA\target\snapshots\testResolveIncidentTicket.jpg"></td>
</tr>
</tbody>
</table>
<ul class='collapsible node-list' data-collapsible='accordion'>
</ul>
</div>
</div>
</li>
<li class='collection-item test displayed active fail ' extentid='b9f64228-8049-435c-9c15-4c21508f7a59'>
<div class='test-head'>
<span class='test-name'>Cancelling the Incident Ticket </span>
<span class='test-status label right outline capitalize fail'>fail</span>
<span class='category-assigned hide '></span>
</div>
<div class='test-body'>
<div class='test-info'>
<span title='Test started time' alt='Test started time' class='test-started-time label green lighten-1 text-white'>2018-10-11 17:25:35</span>
<span title='Test ended time' alt='Test ended time' class='test-ended-time label red lighten-1 text-white'>2018-10-11 17:26:33</span>
<span title='Time taken to finish' alt='Time taken to finish' class='test-time-taken label blue-grey lighten-3 text-white'>0h 0m 58s+0ms</span>
</div>
<div class='test-desc'></div>
<div class='test-attributes'>
</div>
<div class='test-steps'>
<table class='bordered table-results'>
<thead>
<tr>
<th>Status</th>
<th>Timestamp</th>
<th>Details</th>
</tr>
</thead>
<tbody>
<tr>
<td class='status info' title='info' alt='info'><i class='mdi-action-info-outline'></i></td>
<td class='timestamp'>17:25:49</td>
<td class='step-details'>Incident number captured: INC1021400</td>
</tr>
<tr>
<td class='status info' title='info' alt='info'><i class='mdi-action-info-outline'></i></td>
<td class='timestamp'>17:26:13</td>
<td class='step-details'>Current State of Incident INC1021400 is New</td>
</tr>
<tr>
<td class='status info' title='info' alt='info'><i class='mdi-action-info-outline'></i></td>
<td class='timestamp'>17:26:30</td>
<td class='step-details'>Current State of Incident INC1021400 is Resolved</td>
</tr>
<tr>
<td class='status fail' title='fail' alt='fail'><i class='mdi-navigation-cancel'></i></td>
<td class='timestamp'>17:26:30</td>
<td class='step-details'>Incident ticket INC1021400 has not been moved to Cancelled State</td>
</tr>
<tr>
<td class='status fail' title='fail' alt='fail'><i class='mdi-navigation-cancel'></i></td>
<td class='timestamp'>17:26:33</td>
<td class='step-details'>java.lang.AssertionError: expected [Cancelled] but found [Resolved]<img class="report-img" data-featherlight="file:///C:\Users\UX011746\Desktop\ServiceNowQAAutomation\ServiceNowQAAutomation\SNOWQA\target\snapshots\testResolveIncidentTicket.jpg" src="file:///C:\Users\UX011746\Desktop\ServiceNowQAAutomation\ServiceNowQAAutomation\SNOWQA\target\snapshots\testResolveIncidentTicket.jpg"></td>
</tr>
</tbody>
</table>
<ul class='collapsible node-list' data-collapsible='accordion'>
</ul>
</div>
</div>
</li>
<li class='collection-item test displayed active pass ' extentid='41991344-fb28-4a82-8ac3-8bc06c970974'>
<div class='test-head'>
<span class='test-name'>Cancelling the Incident Ticket </span>
<span class='test-status label right outline capitalize pass'>pass</span>
<span class='category-assigned hide '></span>
</div>
<div class='test-body'>
<div class='test-info'>
<span title='Test started time' alt='Test started time' class='test-started-time label green lighten-1 text-white'>2018-10-11 17:29:31</span>
<span title='Test ended time' alt='Test ended time' class='test-ended-time label red lighten-1 text-white'>2018-10-11 17:30:29</span>
<span title='Time taken to finish' alt='Time taken to finish' class='test-time-taken label blue-grey lighten-3 text-white'>0h 0m 58s+0ms</span>
</div>
<div class='test-desc'></div>
<div class='test-attributes'>
</div>
<div class='test-steps'>
<table class='bordered table-results'>
<thead>
<tr>
<th>Status</th>
<th>Timestamp</th>
<th>Details</th>
</tr>
</thead>
<tbody>
<tr>
<td class='status info' title='info' alt='info'><i class='mdi-action-info-outline'></i></td>
<td class='timestamp'>17:29:45</td>
<td class='step-details'>Incident number captured: INC1021401</td>
</tr>
<tr>
<td class='status info' title='info' alt='info'><i class='mdi-action-info-outline'></i></td>
<td class='timestamp'>17:30:09</td>
<td class='step-details'>Current State of Incident INC1021401 is New</td>
</tr>
<tr>
<td class='status info' title='info' alt='info'><i class='mdi-action-info-outline'></i></td>
<td class='timestamp'>17:30:29</td>
<td class='step-details'>Current State of Incident INC1021401 is Resolved</td>
</tr>
<tr>
<td class='status pass' title='pass' alt='pass'><i class='mdi-action-check-circle'></i></td>
<td class='timestamp'>17:30:29</td>
<td class='step-details'>Incident ticket INC1021401 has been successfully moved to Resolved State</td>
</tr>
</tbody>
</table>
<ul class='collapsible node-list' data-collapsible='accordion'>
</ul>
</div>
</div>
</li>
<li class='collection-item test displayed active fail ' extentid='8c4e1530-ce6f-4286-9a2e-4604022b6b08'>
<div class='test-head'>
<span class='test-name'>Cancelling the Incident Ticket </span>
<span class='test-status label right outline capitalize fail'>fail</span>
<span class='category-assigned hide '></span>
</div>
<div class='test-body'>
<div class='test-info'>
<span title='Test started time' alt='Test started time' class='test-started-time label green lighten-1 text-white'>2019-02-27 15:51:32</span>
<span title='Test ended time' alt='Test ended time' class='test-ended-time label red lighten-1 text-white'>2019-02-27 15:52:33</span>
<span title='Time taken to finish' alt='Time taken to finish' class='test-time-taken label blue-grey lighten-3 text-white'>0h 1m 1s+0ms</span>
</div>
<div class='test-desc'></div>
<div class='test-attributes'>
</div>
<div class='test-steps'>
<table class='bordered table-results'>
<thead>
<tr>
<th>Status</th>
<th>Timestamp</th>
<th>Details</th>
</tr>
</thead>
<tbody>
<tr>
<td class='status info' title='info' alt='info'><i class='mdi-action-info-outline'></i></td>
<td class='timestamp'>15:51:42</td>
<td class='step-details'>Incident number captured: INC1405016</td>
</tr>
<tr>
<td class='status info' title='info' alt='info'><i class='mdi-action-info-outline'></i></td>
<td class='timestamp'>15:51:57</td>
<td class='step-details'>Incident Number is INC1405015</td>
</tr>
<tr>
<td class='status fail' title='fail' alt='fail'><i class='mdi-navigation-cancel'></i></td>
<td class='timestamp'>15:52:33</td>
<td class='step-details'>org.openqa.selenium.NoSuchElementException: Unable to locate element: //tbody[@class='list2_body']//a[text()='INC1405015']/following::td For documentation on this error, please visit: http://seleniumhq.org/exceptions/no_such_element.html Build info: version: '3.12.0', revision: '7c6e0b3', time: '2018-05-08T14:04:26.12Z' System info: host: 'TP6VDIDEVTCM068', ip: '10.25.36.75', os.name: 'Windows 7', os.arch: 'amd64', os.version: '6.1', java.version: '1.8.0_172' Driver info: org.openqa.selenium.firefox.FirefoxDriver Capabilities {acceptInsecureCerts: true, browserName: firefox, browserVersion: 61.0, javascriptEnabled: true, moz:accessibilityChecks: false, moz:headless: false, moz:processID: 25436, moz:profile: C:\Users\UX011974\AppData\L..., moz:useNonSpecCompliantPointerOrigin: false, moz:webdriverClick: true, pageLoadStrategy: normal, platform: XP, platformName: XP, platformVersion: 6.1, rotatable: false, timeouts: {implicit: 0, pageLoad: 300000, script: 30000}} Session ID: d29ff930-4949-48ef-943a-d3e90ccca0cf *** Element info: {Using=xpath, value=//tbody[@class='list2_body']//a[text()='INC1405015']/following::td}<img class="report-img" data-featherlight="file:///C:\Users\UX011974\Documents\Automation\ServiceNowQAAutomation\ServiceNowQAAutomation\SNOWQA\target\snapshots\testCancelIncidentTicket.jpg" src="file:///C:\Users\UX011974\Documents\Automation\ServiceNowQAAutomation\ServiceNowQAAutomation\SNOWQA\target\snapshots\testCancelIncidentTicket.jpg"></td>
</tr>
</tbody>
</table>
<ul class='collapsible node-list' data-collapsible='accordion'>
</ul>
</div>
</div>
</li>
<li class='collection-item test displayed active pass ' extentid='d5e07e7e-bdd8-4fc0-9ed8-139fc9e0ecc4'>
<div class='test-head'>
<span class='test-name'>Cancelling the Incident Ticket </span>
<span class='test-status label right outline capitalize pass'>pass</span>
<span class='category-assigned hide '></span>
</div>
<div class='test-body'>
<div class='test-info'>
<span title='Test started time' alt='Test started time' class='test-started-time label green lighten-1 text-white'>2019-03-08 13:25:31</span>
<span title='Test ended time' alt='Test ended time' class='test-ended-time label red lighten-1 text-white'>2019-03-08 13:26:03</span>
<span title='Time taken to finish' alt='Time taken to finish' class='test-time-taken label blue-grey lighten-3 text-white'>0h 0m 32s+0ms</span>
</div>
<div class='test-desc'></div>
<div class='test-attributes'>
</div>
<div class='test-steps'>
<table class='bordered table-results'>
<thead>
<tr>
<th>Status</th>
<th>Timestamp</th>
<th>Details</th>
</tr>
</thead>
<tbody>
<tr>
<td class='status info' title='info' alt='info'><i class='mdi-action-info-outline'></i></td>
<td class='timestamp'>13:25:42</td>
<td class='step-details'>Incident number captured: INC1834900</td>
</tr>
<tr>
<td class='status info' title='info' alt='info'><i class='mdi-action-info-outline'></i></td>
<td class='timestamp'>13:25:59</td>
<td class='step-details'>Incident Number is INC1834899</td>
</tr>
</tbody>
</table>
<ul class='collapsible node-list' data-collapsible='accordion'>
</ul>
</div>
</div>
</li>
<li class='collection-item test displayed active pass ' extentid='b802a64a-8d8d-430c-97e1-2b189051b91e'>
<div class='test-head'>
<span class='test-name'>Cancelling the Incident Ticket </span>
<span class='test-status label right outline capitalize pass'>pass</span>
<span class='category-assigned hide '></span>
</div>
<div class='test-body'>
<div class='test-info'>
<span title='Test started time' alt='Test started time' class='test-started-time label green lighten-1 text-white'>2019-03-08 13:27:01</span>
<span title='Test ended time' alt='Test ended time' class='test-ended-time label red lighten-1 text-white'>2019-03-08 13:27:35</span>
<span title='Time taken to finish' alt='Time taken to finish' class='test-time-taken label blue-grey lighten-3 text-white'>0h 0m 34s+0ms</span>
</div>
<div class='test-desc'></div>
<div class='test-attributes'>
</div>
<div class='test-steps'>
<table class='bordered table-results'>
<thead>
<tr>
<th>Status</th>
<th>Timestamp</th>
<th>Details</th>
</tr>
</thead>
<tbody>
<tr>
<td class='status info' title='info' alt='info'><i class='mdi-action-info-outline'></i></td>
<td class='timestamp'>13:27:11</td>
<td class='step-details'>Incident number captured: INC1834901</td>
</tr>
<tr>
<td class='status pass' title='pass' alt='pass'><i class='mdi-action-check-circle'></i></td>
<td class='timestamp'>13:27:29</td>
<td class='step-details'>Successfully created Standalone incident with Id INC1834901</td>
</tr>
<tr>
<td class='status info' title='info' alt='info'><i class='mdi-action-info-outline'></i></td>
<td class='timestamp'>13:27:30</td>
<td class='step-details'>Status of the Standalone incident id INC1834901 is New</td>
</tr>
<tr>
<td class='status info' title='info' alt='info'><i class='mdi-action-info-outline'></i></td>
<td class='timestamp'>13:27:32</td>
<td class='step-details'>Incident Number is INC1834899</td>
</tr>
</tbody>
</table>
<ul class='collapsible node-list' data-collapsible='accordion'>
</ul>
</div>
</div>
</li>
<li class='collection-item test displayed active pass ' extentid='366c4470-f0c6-4e0f-a0d8-487c6e6c6883'>
<div class='test-head'>
<span class='test-name'>Cancelling the Incident Ticket </span>
<span class='test-status label right outline capitalize pass'>pass</span>
<span class='category-assigned hide '></span>
</div>
<div class='test-body'>
<div class='test-info'>
<span title='Test started time' alt='Test started time' class='test-started-time label green lighten-1 text-white'>2019-03-08 13:30:44</span>
<span title='Test ended time' alt='Test ended time' class='test-ended-time label red lighten-1 text-white'>2019-03-08 13:31:20</span>
<span title='Time taken to finish' alt='Time taken to finish' class='test-time-taken label blue-grey lighten-3 text-white'>0h 0m 36s+0ms</span>
</div>
<div class='test-desc'></div>
<div class='test-attributes'>
</div>
<div class='test-steps'>
<table class='bordered table-results'>
<thead>
<tr>
<th>Status</th>
<th>Timestamp</th>
<th>Details</th>
</tr>
</thead>
<tbody>
<tr>
<td class='status info' title='info' alt='info'><i class='mdi-action-info-outline'></i></td>
<td class='timestamp'>13:30:58</td>
<td class='step-details'>Incident number captured: INC1834902</td>
</tr>
<tr>
<td class='status pass' title='pass' alt='pass'><i class='mdi-action-check-circle'></i></td>
<td class='timestamp'>13:31:15</td>
<td class='step-details'>Successfully created Standalone incident with Id INC1834902</td>
</tr>
<tr>
<td class='status info' title='info' alt='info'><i class='mdi-action-info-outline'></i></td>
<td class='timestamp'>13:31:16</td>
<td class='step-details'>Status of the Standalone incident id INC1834902 is New</td>
</tr>
<tr>
<td class='status info' title='info' alt='info'><i class='mdi-action-info-outline'></i></td>
<td class='timestamp'>13:31:16</td>
<td class='step-details'>Incident Number is INC1834899</td>
</tr>
</tbody>
</table>
<ul class='collapsible node-list' data-collapsible='accordion'>
</ul>
</div>
</div>
</li>
<li class='collection-item test displayed active pass ' extentid='3b3c7dbf-e4e1-461e-9728-d3b8d7fbc1a7'>
<div class='test-head'>
<span class='test-name'>Cancelling the Incident Ticket </span>
<span class='test-status label right outline capitalize pass'>pass</span>
<span class='category-assigned hide '></span>
</div>
<div class='test-body'>
<div class='test-info'>
<span title='Test started time' alt='Test started time' class='test-started-time label green lighten-1 text-white'>2019-03-20 11:46:21</span>
<span title='Test ended time' alt='Test ended time' class='test-ended-time label red lighten-1 text-white'>2019-03-20 11:47:17</span>
<span title='Time taken to finish' alt='Time taken to finish' class='test-time-taken label blue-grey lighten-3 text-white'>0h 0m 56s+0ms</span>
</div>
<div class='test-desc'></div>
<div class='test-attributes'>
</div>
<div class='test-steps'>
<table class='bordered table-results'>
<thead>
<tr>
<th>Status</th>
<th>Timestamp</th>
<th>Details</th>
</tr>
</thead>
<tbody>
<tr>
<td class='status info' title='info' alt='info'><i class='mdi-action-info-outline'></i></td>
<td class='timestamp'>11:46:34</td>
<td class='step-details'>Incident number captured: INC1835081</td>
</tr>
<tr>
<td class='status pass' title='pass' alt='pass'><i class='mdi-action-check-circle'></i></td>
<td class='timestamp'>11:46:53</td>
<td class='step-details'>Successfully created Standalone incident with Id INC1835081</td>
</tr>
<tr>
<td class='status info' title='info' alt='info'><i class='mdi-action-info-outline'></i></td>
<td class='timestamp'>11:46:53</td>
<td class='step-details'>Status of the Standalone incident id INC1835081 is New</td>
</tr>
<tr>
<td class='status info' title='info' alt='info'><i class='mdi-action-info-outline'></i></td>
<td class='timestamp'>11:46:55</td>
<td class='step-details'>Incident Number is INC1835069</td>
</tr>
<tr>
<td class='status info' title='info' alt='info'><i class='mdi-action-info-outline'></i></td>
<td class='timestamp'>11:47:06</td>
<td class='step-details'>Current State of Incident INC1835069 is New</td>
</tr>
</tbody>
</table>
<ul class='collapsible node-list' data-collapsible='accordion'>
</ul>
</div>
</div>
</li>
<li class='collection-item test displayed active fail ' extentid='c35bfe45-1e81-4ea5-ad5c-cae9ef704d49'>
<div class='test-head'>
<span class='test-name'>Cancelling the Incident Ticket </span>
<span class='test-status label right outline capitalize fail'>fail</span>
<span class='category-assigned hide '></span>
</div>
<div class='test-body'>
<div class='test-info'>
<span title='Test started time' alt='Test started time' class='test-started-time label green lighten-1 text-white'>2019-03-21 12:38:48</span>
<span title='Test ended time' alt='Test ended time' class='test-ended-time label red lighten-1 text-white'>2019-03-21 12:39:37</span>
<span title='Time taken to finish' alt='Time taken to finish' class='test-time-taken label blue-grey lighten-3 text-white'>0h 0m 49s+0ms</span>
</div>
<div class='test-desc'></div>
<div class='test-attributes'>
</div>
<div class='test-steps'>
<table class='bordered table-results'>
<thead>
<tr>
<th>Status</th>
<th>Timestamp</th>
<th>Details</th>
</tr>
</thead>
<tbody>
<tr>
<td class='status info' title='info' alt='info'><i class='mdi-action-info-outline'></i></td>
<td class='timestamp'>12:38:58</td>
<td class='step-details'>Incident number captured: INC1835147</td>
</tr>
<tr>
<td class='status pass' title='pass' alt='pass'><i class='mdi-action-check-circle'></i></td>
<td class='timestamp'>12:39:15</td>
<td class='step-details'>Successfully created Standalone incident with Id INC1835147</td>
</tr>
<tr>
<td class='status info' title='info' alt='info'><i class='mdi-action-info-outline'></i></td>
<td class='timestamp'>12:39:16</td>
<td class='step-details'>Status of the Standalone incident id INC1835147 is New</td>
</tr>
<tr>
<td class='status info' title='info' alt='info'><i class='mdi-action-info-outline'></i></td>
<td class='timestamp'>12:39:18</td>
<td class='step-details'>Incident Number is INC1835146</td>
</tr>
<tr>
<td class='status fail' title='fail' alt='fail'><i class='mdi-navigation-cancel'></i></td>
<td class='timestamp'>12:39:36</td>
<td class='step-details'>org.openqa.selenium.WebDriverException: Failed to find value field Build info: version: '3.12.0', revision: '7c6e0b3', time: '2018-05-08T14:04:26.12Z' System info: host: 'TP6VDIDEVTCM068', ip: '10.25.36.75', os.name: 'Windows 7', os.arch: 'amd64', os.version: '6.1', java.version: '1.8.0_172' Driver info: org.openqa.selenium.firefox.FirefoxDriver Capabilities {acceptInsecureCerts: true, browserName: firefox, browserVersion: 61.0, javascriptEnabled: true, moz:accessibilityChecks: false, moz:headless: false, moz:processID: 31656, moz:profile: C:\Users\UX011974\AppData\L..., moz:useNonSpecCompliantPointerOrigin: false, moz:webdriverClick: true, pageLoadStrategy: normal, platform: XP, platformName: XP, platformVersion: 6.1, rotatable: false, timeouts: {implicit: 0, pageLoad: 300000, script: 30000}} Session ID: e93c5bb0-630d-43b5-b65f-00ecbaf4bfd9 *** Element info: {Using=xpath, value=//tbody[@class='list2_body']//a[text()='INC1835146']/following::td}<img class="report-img" data-featherlight="file:///C:\Users\UX011974\Documents\Automation\ServiceNowQAAutomation\ServiceNowQAAutomation\SNOWQA\target\snapshots\testCancelIncidentTicket.jpg" src="file:///C:\Users\UX011974\Documents\Automation\ServiceNowQAAutomation\ServiceNowQAAutomation\SNOWQA\target\snapshots\testCancelIncidentTicket.jpg"></td>
</tr>
</tbody>
</table>
<ul class='collapsible node-list' data-collapsible='accordion'>
</ul>
</div>
</div>
</li>
<li class='collection-item test displayed active fail ' extentid='c0ba9adf-8e99-435f-a875-730a8e37c875'>
<div class='test-head'>
<span class='test-name'>Cancelling the Incident Ticket </span>
<span class='test-status label right outline capitalize fail'>fail</span>
<span class='category-assigned hide '></span>
</div>
<div class='test-body'>
<div class='test-info'>
<span title='Test started time' alt='Test started time' class='test-started-time label green lighten-1 text-white'>2019-03-21 12:40:02</span>
<span title='Test ended time' alt='Test ended time' class='test-ended-time label red lighten-1 text-white'>2019-03-21 12:41:09</span>
<span title='Time taken to finish' alt='Time taken to finish' class='test-time-taken label blue-grey lighten-3 text-white'>0h 1m 7s+0ms</span>
</div>
<div class='test-desc'></div>
<div class='test-attributes'>
</div>
<div class='test-steps'>
<table class='bordered table-results'>
<thead>
<tr>
<th>Status</th>
<th>Timestamp</th>
<th>Details</th>
</tr>
</thead>
<tbody>
<tr>
<td class='status info' title='info' alt='info'><i class='mdi-action-info-outline'></i></td>
<td class='timestamp'>12:40:14</td>
<td class='step-details'>Incident number captured: INC1835148</td>
</tr>
<tr>
<td class='status pass' title='pass' alt='pass'><i class='mdi-action-check-circle'></i></td>
<td class='timestamp'>12:40:31</td>
<td class='step-details'>Successfully created Standalone incident with Id INC1835148</td>
</tr>
<tr>
<td class='status info' title='info' alt='info'><i class='mdi-action-info-outline'></i></td>
<td class='timestamp'>12:40:31</td>
<td class='step-details'>Status of the Standalone incident id INC1835148 is New</td>
</tr>
<tr>
<td class='status info' title='info' alt='info'><i class='mdi-action-info-outline'></i></td>
<td class='timestamp'>12:40:33</td>
<td class='step-details'>Incident Number is INC1835146</td>
</tr>
<tr>
<td class='status fail' title='fail' alt='fail'><i class='mdi-navigation-cancel'></i></td>
<td class='timestamp'>12:41:09</td>
<td class='step-details'>org.openqa.selenium.NoSuchElementException: Unable to locate element: //tbody[@class='list2_body']//a[text()='INC1835146']/following::td For documentation on this error, please visit: http://seleniumhq.org/exceptions/no_such_element.html Build info: version: '3.12.0', revision: '7c6e0b3', time: '2018-05-08T14:04:26.12Z' System info: host: 'TP6VDIDEVTCM068', ip: '10.25.36.75', os.name: 'Windows 7', os.arch: 'amd64', os.version: '6.1', java.version: '1.8.0_172' Driver info: org.openqa.selenium.firefox.FirefoxDriver Capabilities {acceptInsecureCerts: true, browserName: firefox, browserVersion: 61.0, javascriptEnabled: true, moz:accessibilityChecks: false, moz:headless: false, moz:processID: 30804, moz:profile: C:\Users\UX011974\AppData\L..., moz:useNonSpecCompliantPointerOrigin: false, moz:webdriverClick: true, pageLoadStrategy: normal, platform: XP, platformName: XP, platformVersion: 6.1, rotatable: false, timeouts: {implicit: 0, pageLoad: 300000, script: 30000}} Session ID: e09f4262-cacc-4892-bbe9-bef39e1eacaa *** Element info: {Using=xpath, value=//tbody[@class='list2_body']//a[text()='INC1835146']/following::td}<img class="report-img" data-featherlight="file:///C:\Users\UX011974\Documents\Automation\ServiceNowQAAutomation\ServiceNowQAAutomation\SNOWQA\target\snapshots\testCancelIncidentTicket.jpg" src="file:///C:\Users\UX011974\Documents\Automation\ServiceNowQAAutomation\ServiceNowQAAutomation\SNOWQA\target\snapshots\testCancelIncidentTicket.jpg"></td>
</tr>
</tbody>
</table>
<ul class='collapsible node-list' data-collapsible='accordion'>
</ul>
</div>
</div>
</li>
<li class='collection-item test displayed active fail ' extentid='e51e0ab2-e17b-4e75-967b-a0e7f284ed8b'>
<div class='test-head'>
<span class='test-name'>Cancelling the Incident Ticket </span>
<span class='test-status label right outline capitalize fail'>fail</span>
<span class='category-assigned hide '></span>
</div>
<div class='test-body'>
<div class='test-info'>
<span title='Test started time' alt='Test started time' class='test-started-time label green lighten-1 text-white'>2019-03-21 12:46:12</span>
<span title='Test ended time' alt='Test ended time' class='test-ended-time label red lighten-1 text-white'>2019-03-21 12:47:16</span>
<span title='Time taken to finish' alt='Time taken to finish' class='test-time-taken label blue-grey lighten-3 text-white'>0h 1m 4s+0ms</span>
</div>
<div class='test-desc'></div>
<div class='test-attributes'>
</div>
<div class='test-steps'>
<table class='bordered table-results'>
<thead>
<tr>
<th>Status</th>
<th>Timestamp</th>
<th>Details</th>
</tr>
</thead>
<tbody>
<tr>
<td class='status info' title='info' alt='info'><i class='mdi-action-info-outline'></i></td>
<td class='timestamp'>12:46:22</td>
<td class='step-details'>Incident number captured: INC1835149</td>
</tr>
<tr>
<td class='status pass' title='pass' alt='pass'><i class='mdi-action-check-circle'></i></td>
<td class='timestamp'>12:46:40</td>
<td class='step-details'>Successfully created Standalone incident with Id INC1835149</td>
</tr>
<tr>
<td class='status info' title='info' alt='info'><i class='mdi-action-info-outline'></i></td>
<td class='timestamp'>12:46:40</td>
<td class='step-details'>Status of the Standalone incident id INC1835149 is New</td>
</tr>
<tr>
<td class='status info' title='info' alt='info'><i class='mdi-action-info-outline'></i></td>
<td class='timestamp'>12:46:41</td>
<td class='step-details'>Incident Number is INC1835146</td>
</tr>
<tr>
<td class='status fail' title='fail' alt='fail'><i class='mdi-navigation-cancel'></i></td>
<td class='timestamp'>12:47:16</td>
<td class='step-details'>org.openqa.selenium.NoSuchElementException: Unable to locate element: //tbody[@class='list2_body']//a[text()='INC1835146']/following::td For documentation on this error, please visit: http://seleniumhq.org/exceptions/no_such_element.html Build info: version: '3.12.0', revision: '7c6e0b3', time: '2018-05-08T14:04:26.12Z' System info: host: 'TP6VDIDEVTCM068', ip: '10.25.36.75', os.name: 'Windows 7', os.arch: 'amd64', os.version: '6.1', java.version: '1.8.0_172' Driver info: org.openqa.selenium.firefox.FirefoxDriver Capabilities {acceptInsecureCerts: true, browserName: firefox, browserVersion: 61.0, javascriptEnabled: true, moz:accessibilityChecks: false, moz:headless: false, moz:processID: 30848, moz:profile: C:\Users\UX011974\AppData\L..., moz:useNonSpecCompliantPointerOrigin: false, moz:webdriverClick: true, pageLoadStrategy: normal, platform: XP, platformName: XP, platformVersion: 6.1, rotatable: false, timeouts: {implicit: 0, pageLoad: 300000, script: 30000}} Session ID: 478ae875-d834-4aa2-a401-757fcd3c62e3 *** Element info: {Using=xpath, value=//tbody[@class='list2_body']//a[text()='INC1835146']/following::td}<img class="report-img" data-featherlight="file:///C:\Users\UX011974\Documents\Automation\ServiceNowQAAutomation\ServiceNowQAAutomation\SNOWQA\target\snapshots\testCancelIncidentTicket.jpg" src="file:///C:\Users\UX011974\Documents\Automation\ServiceNowQAAutomation\ServiceNowQAAutomation\SNOWQA\target\snapshots\testCancelIncidentTicket.jpg"></td>
</tr>
</tbody>
</table>
<ul class='collapsible node-list' data-collapsible='accordion'>
</ul>
</div>
</div>
</li>
<li class='collection-item test displayed active fail ' extentid='016b65b8-c20d-4338-b1c3-a4c4bdf3a887'>
<div class='test-head'>
<span class='test-name'>Cancelling the Incident Ticket </span>
<span class='test-status label right outline capitalize fail'>fail</span>
<span class='category-assigned hide '></span>
</div>
<div class='test-body'>
<div class='test-info'>
<span title='Test started time' alt='Test started time' class='test-started-time label green lighten-1 text-white'>2019-03-21 12:47:43</span>
<span title='Test ended time' alt='Test ended time' class='test-ended-time label red lighten-1 text-white'>2019-03-21 12:48:46</span>
<span title='Time taken to finish' alt='Time taken to finish' class='test-time-taken label blue-grey lighten-3 text-white'>0h 1m 3s+0ms</span>
</div>
<div class='test-desc'></div>
<div class='test-attributes'>
</div>
<div class='test-steps'>
<table class='bordered table-results'>
<thead>
<tr>
<th>Status</th>
<th>Timestamp</th>
<th>Details</th>
</tr>
</thead>
<tbody>
<tr>
<td class='status info' title='info' alt='info'><i class='mdi-action-info-outline'></i></td>
<td class='timestamp'>12:47:53</td>
<td class='step-details'>Incident number captured: INC1835150</td>
</tr>
<tr>
<td class='status pass' title='pass' alt='pass'><i class='mdi-action-check-circle'></i></td>
<td class='timestamp'>12:48:10</td>
<td class='step-details'>Successfully created Standalone incident with Id INC1835150</td>
</tr>
<tr>
<td class='status info' title='info' alt='info'><i class='mdi-action-info-outline'></i></td>
<td class='timestamp'>12:48:10</td>
<td class='step-details'>Status of the Standalone incident id INC1835150 is New</td>
</tr>
<tr>
<td class='status info' title='info' alt='info'><i class='mdi-action-info-outline'></i></td>
<td class='timestamp'>12:48:11</td>
<td class='step-details'>Incident Number is INC1835146</td>
</tr>
<tr>
<td class='status fail' title='fail' alt='fail'><i class='mdi-navigation-cancel'></i></td>
<td class='timestamp'>12:48:46</td>
<td class='step-details'>org.openqa.selenium.NoSuchElementException: Unable to locate element: //tbody[@class='list2_body']//a[text()='INC1835146']/following::td For documentation on this error, please visit: http://seleniumhq.org/exceptions/no_such_element.html Build info: version: '3.12.0', revision: '7c6e0b3', time: '2018-05-08T14:04:26.12Z' System info: host: 'TP6VDIDEVTCM068', ip: '10.25.36.75', os.name: 'Windows 7', os.arch: 'amd64', os.version: '6.1', java.version: '1.8.0_172' Driver info: org.openqa.selenium.firefox.FirefoxDriver Capabilities {acceptInsecureCerts: true, browserName: firefox, browserVersion: 61.0, javascriptEnabled: true, moz:accessibilityChecks: false, moz:headless: false, moz:processID: 32668, moz:profile: C:\Users\UX011974\AppData\L..., moz:useNonSpecCompliantPointerOrigin: false, moz:webdriverClick: true, pageLoadStrategy: normal, platform: XP, platformName: XP, platformVersion: 6.1, rotatable: false, timeouts: {implicit: 0, pageLoad: 300000, script: 30000}} Session ID: 06ea7850-6106-420a-b5bb-910e7960565f *** Element info: {Using=xpath, value=//tbody[@class='list2_body']//a[text()='INC1835146']/following::td}<img class="report-img" data-featherlight="file:///C:\Users\UX011974\Documents\Automation\ServiceNowQAAutomation\ServiceNowQAAutomation\SNOWQA\target\snapshots\testCancelIncidentTicket.jpg" src="file:///C:\Users\UX011974\Documents\Automation\ServiceNowQAAutomation\ServiceNowQAAutomation\SNOWQA\target\snapshots\testCancelIncidentTicket.jpg"></td>
</tr>
</tbody>
</table>
<ul class='collapsible node-list' data-collapsible='accordion'>
</ul>
</div>
</div>
</li>
<li class='collection-item test displayed active fail ' extentid='61d9a5cc-ea98-4fee-bf0e-47a27a6f1422'>
<div class='test-head'>
<span class='test-name'>Cancelling the Incident Ticket </span>
<span class='test-status label right outline capitalize fail'>fail</span>
<span class='category-assigned hide '></span>
</div>
<div class='test-body'>
<div class='test-info'>
<span title='Test started time' alt='Test started time' class='test-started-time label green lighten-1 text-white'>2019-03-21 12:50:15</span>
<span title='Test ended time' alt='Test ended time' class='test-ended-time label red lighten-1 text-white'>2019-03-21 12:51:20</span>
<span title='Time taken to finish' alt='Time taken to finish' class='test-time-taken label blue-grey lighten-3 text-white'>0h 1m 5s+0ms</span>
</div>
<div class='test-desc'></div>
<div class='test-attributes'>
</div>
<div class='test-steps'>
<table class='bordered table-results'>
<thead>
<tr>
<th>Status</th>
<th>Timestamp</th>
<th>Details</th>
</tr>
</thead>
<tbody>
<tr>
<td class='status info' title='info' alt='info'><i class='mdi-action-info-outline'></i></td>
<td class='timestamp'>12:50:26</td>
<td class='step-details'>Incident number captured: INC1835151</td>
</tr>
<tr>
<td class='status pass' title='pass' alt='pass'><i class='mdi-action-check-circle'></i></td>
<td class='timestamp'>12:50:44</td>
<td class='step-details'>Successfully created Standalone incident with Id INC1835151</td>
</tr>
<tr>
<td class='status info' title='info' alt='info'><i class='mdi-action-info-outline'></i></td>
<td class='timestamp'>12:50:44</td>
<td class='step-details'>Status of the Standalone incident id INC1835151 is New</td>
</tr>
<tr>
<td class='status info' title='info' alt='info'><i class='mdi-action-info-outline'></i></td>
<td class='timestamp'>12:50:44</td>
<td class='step-details'>Incident Number is INC1835146</td>
</tr>
<tr>
<td class='status fail' title='fail' alt='fail'><i class='mdi-navigation-cancel'></i></td>
<td class='timestamp'>12:51:20</td>
<td class='step-details'>org.openqa.selenium.NoSuchElementException: Unable to locate element: //tbody[@class='list2_body']//a[text()='INC1835146']/following::td For documentation on this error, please visit: http://seleniumhq.org/exceptions/no_such_element.html Build info: version: '3.12.0', revision: '7c6e0b3', time: '2018-05-08T14:04:26.12Z' System info: host: 'TP6VDIDEVTCM068', ip: '10.25.36.75', os.name: 'Windows 7', os.arch: 'amd64', os.version: '6.1', java.version: '1.8.0_172' Driver info: org.openqa.selenium.firefox.FirefoxDriver Capabilities {acceptInsecureCerts: true, browserName: firefox, browserVersion: 61.0, javascriptEnabled: true, moz:accessibilityChecks: false, moz:headless: false, moz:processID: 33556, moz:profile: C:\Users\UX011974\AppData\L..., moz:useNonSpecCompliantPointerOrigin: false, moz:webdriverClick: true, pageLoadStrategy: normal, platform: XP, platformName: XP, platformVersion: 6.1, rotatable: false, timeouts: {implicit: 0, pageLoad: 300000, script: 30000}} Session ID: 00eb1a09-e190-4b8c-bce5-66dfb75d6ee2 *** Element info: {Using=xpath, value=//tbody[@class='list2_body']//a[text()='INC1835146']/following::td}<img class="report-img" data-featherlight="file:///C:\Users\UX011974\Documents\Automation\ServiceNowQAAutomation\ServiceNowQAAutomation\SNOWQA\target\snapshots\testCancelIncidentTicket.jpg" src="file:///C:\Users\UX011974\Documents\Automation\ServiceNowQAAutomation\ServiceNowQAAutomation\SNOWQA\target\snapshots\testCancelIncidentTicket.jpg"></td>
</tr>
</tbody>
</table>
<ul class='collapsible node-list' data-collapsible='accordion'>
</ul>
</div>
</div>
</li>
<li class='collection-item test displayed active fail ' extentid='e8be0d25-a1c2-406b-91d7-b227e59f661f'>
<div class='test-head'>
<span class='test-name'>Cancelling the Incident Ticket </span>
<span class='test-status label right outline capitalize fail'>fail</span>
<span class='category-assigned hide '></span>
</div>
<div class='test-body'>
<div class='test-info'>
<span title='Test started time' alt='Test started time' class='test-started-time label green lighten-1 text-white'>2019-03-21 12:53:38</span>
<span title='Test ended time' alt='Test ended time' class='test-ended-time label red lighten-1 text-white'>2019-03-21 12:54:40</span>
<span title='Time taken to finish' alt='Time taken to finish' class='test-time-taken label blue-grey lighten-3 text-white'>0h 1m 2s+0ms</span>
</div>
<div class='test-desc'></div>
<div class='test-attributes'>
</div>
<div class='test-steps'>
<table class='bordered table-results'>
<thead>
<tr>
<th>Status</th>
<th>Timestamp</th>
<th>Details</th>
</tr>
</thead>
<tbody>
<tr>
<td class='status info' title='info' alt='info'><i class='mdi-action-info-outline'></i></td>
<td class='timestamp'>12:53:48</td>
<td class='step-details'>Incident number captured: INC1835152</td>
</tr>
<tr>
<td class='status pass' title='pass' alt='pass'><i class='mdi-action-check-circle'></i></td>
<td class='timestamp'>12:54:05</td>
<td class='step-details'>Successfully created Standalone incident with Id INC1835152</td>
</tr>
<tr>
<td class='status info' title='info' alt='info'><i class='mdi-action-info-outline'></i></td>
<td class='timestamp'>12:54:05</td>
<td class='step-details'>Status of the Standalone incident id INC1835152 is New</td>
</tr>
<tr>
<td class='status info' title='info' alt='info'><i class='mdi-action-info-outline'></i></td>
<td class='timestamp'>12:54:05</td>
<td class='step-details'>Incident Number is INC1835146</td>
</tr>
<tr>
<td class='status fail' title='fail' alt='fail'><i class='mdi-navigation-cancel'></i></td>
<td class='timestamp'>12:54:40</td>
<td class='step-details'>org.openqa.selenium.NoSuchElementException: Unable to locate element: //tbody[@class='list2_body']//a[text()='INC1835146']/following::td For documentation on this error, please visit: http://seleniumhq.org/exceptions/no_such_element.html Build info: version: '3.12.0', revision: '7c6e0b3', time: '2018-05-08T14:04:26.12Z' System info: host: 'TP6VDIDEVTCM068', ip: '10.25.36.75', os.name: 'Windows 7', os.arch: 'amd64', os.version: '6.1', java.version: '1.8.0_172' Driver info: org.openqa.selenium.firefox.FirefoxDriver Capabilities {acceptInsecureCerts: true, browserName: firefox, browserVersion: 61.0, javascriptEnabled: true, moz:accessibilityChecks: false, moz:headless: false, moz:processID: 23604, moz:profile: C:\Users\UX011974\AppData\L..., moz:useNonSpecCompliantPointerOrigin: false, moz:webdriverClick: true, pageLoadStrategy: normal, platform: XP, platformName: XP, platformVersion: 6.1, rotatable: false, timeouts: {implicit: 0, pageLoad: 300000, script: 30000}} Session ID: 9f2c299a-7414-4c3e-9656-8630f5e187ea *** Element info: {Using=xpath, value=//tbody[@class='list2_body']//a[text()='INC1835146']/following::td}<img class="report-img" data-featherlight="file:///C:\Users\UX011974\Documents\Automation\ServiceNowQAAutomation\ServiceNowQAAutomation\SNOWQA\target\snapshots\testCancelIncidentTicket.jpg" src="file:///C:\Users\UX011974\Documents\Automation\ServiceNowQAAutomation\ServiceNowQAAutomation\SNOWQA\target\snapshots\testCancelIncidentTicket.jpg"></td>
</tr>
</tbody>
</table>
<ul class='collapsible node-list' data-collapsible='accordion'>
</ul>
</div>
</div>
</li>
<li class='collection-item test displayed active pass ' extentid='97bffa5a-bbf7-42c8-94d9-84848e27d7fa'>
<div class='test-head'>
<span class='test-name'>Cancelling the Incident Ticket </span>
<span class='test-status label right outline capitalize pass'>pass</span>
<span class='category-assigned hide '></span>
</div>
<div class='test-body'>
<div class='test-info'>
<span title='Test started time' alt='Test started time' class='test-started-time label green lighten-1 text-white'>2019-03-21 13:06:28</span>
<span title='Test ended time' alt='Test ended time' class='test-ended-time label red lighten-1 text-white'>2019-03-21 13:07:21</span>
<span title='Time taken to finish' alt='Time taken to finish' class='test-time-taken label blue-grey lighten-3 text-white'>0h 0m 53s+0ms</span>
</div>
<div class='test-desc'></div>
<div class='test-attributes'>
</div>
<div class='test-steps'>
<table class='bordered table-results'>
<thead>
<tr>
<th>Status</th>
<th>Timestamp</th>
<th>Details</th>
</tr>
</thead>
<tbody>
<tr>
<td class='status info' title='info' alt='info'><i class='mdi-action-info-outline'></i></td>
<td class='timestamp'>13:06:38</td>
<td class='step-details'>Incident number captured: INC1835155</td>
</tr>
<tr>
<td class='status pass' title='pass' alt='pass'><i class='mdi-action-check-circle'></i></td>
<td class='timestamp'>13:06:54</td>
<td class='step-details'>Successfully created Standalone incident with Id INC1835155</td>
</tr>
<tr>
<td class='status info' title='info' alt='info'><i class='mdi-action-info-outline'></i></td>
<td class='timestamp'>13:06:55</td>
<td class='step-details'>Status of the Standalone incident id INC1835155 is New</td>
</tr>
<tr>
<td class='status info' title='info' alt='info'><i class='mdi-action-info-outline'></i></td>
<td class='timestamp'>13:06:55</td>
<td class='step-details'>Incident Number is INC1835155</td>
</tr>
<tr>
<td class='status info' title='info' alt='info'><i class='mdi-action-info-outline'></i></td>
<td class='timestamp'>13:07:03</td>
<td class='step-details'>Current State of Incident INC1835155 is New</td>
</tr>
</tbody>
</table>
<ul class='collapsible node-list' data-collapsible='accordion'>
</ul>
</div>
</div>
</li>
<li class='collection-item test displayed active fail ' extentid='7b43fbb1-3bfc-4715-b74c-445964aaa40e'>
<div class='test-head'>
<span class='test-name'>Cancelling the Incident Ticket </span>
<span class='test-status label right outline capitalize fail'>fail</span>
<span class='category-assigned hide '></span>
</div>
<div class='test-body'>
<div class='test-info'>
<span title='Test started time' alt='Test started time' class='test-started-time label green lighten-1 text-white'>2019-03-21 16:04:24</span>
<span title='Test ended time' alt='Test ended time' class='test-ended-time label red lighten-1 text-white'>2019-03-21 16:04:28</span>
<span title='Time taken to finish' alt='Time taken to finish' class='test-time-taken label blue-grey lighten-3 text-white'>0h 0m 4s+0ms</span>
</div>
<div class='test-desc'></div>
<div class='test-attributes'>
</div>
<div class='test-steps'>
<table class='bordered table-results'>
<thead>
<tr>
<th>Status</th>
<th>Timestamp</th>
<th>Details</th>
</tr>
</thead>
<tbody>
<tr>
<td class='status fail' title='fail' alt='fail'><i class='mdi-navigation-cancel'></i></td>
<td class='timestamp'>16:04:28</td>
<td class='step-details'>org.openqa.selenium.WebDriverException: Failed to decode response from marionette Build info: version: '3.12.0', revision: '7c6e0b3', time: '2018-05-08T14:04:26.12Z' System info: host: 'TP6VDIDEVTCM068', ip: '10.25.36.75', os.name: 'Windows 7', os.arch: 'amd64', os.version: '6.1', java.version: '1.8.0_172' Driver info: org.openqa.selenium.firefox.FirefoxDriver Capabilities {acceptInsecureCerts: true, browserName: firefox, browserVersion: 61.0, javascriptEnabled: true, moz:accessibilityChecks: false, moz:headless: false, moz:processID: 36568, moz:profile: C:\Users\UX011974\AppData\L..., moz:useNonSpecCompliantPointerOrigin: false, moz:webdriverClick: true, pageLoadStrategy: normal, platform: XP, platformName: XP, platformVersion: 6.1, rotatable: false, timeouts: {implicit: 0, pageLoad: 300000, script: 30000}} Session ID: 022b17f5-cfee-438a-b1af-b7865fee1ef6<img class="report-img" data-featherlight="file:///C:\Users\UX011974\Documents\Automation\ServiceNowQAAutomation\ServiceNowQAAutomation\SNOWQA\target\snapshots\testCancelIncidentTicket.jpg" src="file:///C:\Users\UX011974\Documents\Automation\ServiceNowQAAutomation\ServiceNowQAAutomation\SNOWQA\target\snapshots\testCancelIncidentTicket.jpg"></td>
</tr>
</tbody>
</table>
<ul class='collapsible node-list' data-collapsible='accordion'>
</ul>
</div>
</div>
</li>
<li class='collection-item test displayed active fail ' extentid='3dceb9aa-a7d0-4794-9efe-b639a17649ca'>
<div class='test-head'>
<span class='test-name'>Cancelling the Incident Ticket </span>
<span class='test-status label right outline capitalize fail'>fail</span>
<span class='category-assigned hide '></span>
</div>
<div class='test-body'>
<div class='test-info'>
<span title='Test started time' alt='Test started time' class='test-started-time label green lighten-1 text-white'>2019-03-21 16:08:47</span>
<span title='Test ended time' alt='Test ended time' class='test-ended-time label red lighten-1 text-white'>2019-03-21 16:09:40</span>
<span title='Time taken to finish' alt='Time taken to finish' class='test-time-taken label blue-grey lighten-3 text-white'>0h 0m 53s+0ms</span>
</div>
<div class='test-desc'></div>
<div class='test-attributes'>
</div>
<div class='test-steps'>
<table class='bordered table-results'>
<thead>
<tr>
<th>Status</th>
<th>Timestamp</th>
<th>Details</th>
</tr>
</thead>
<tbody>
<tr>
<td class='status info' title='info' alt='info'><i class='mdi-action-info-outline'></i></td>
<td class='timestamp'>16:08:56</td>
<td class='step-details'>Incident number captured: INC1835194</td>
</tr>
<tr>
<td class='status fail' title='fail' alt='fail'><i class='mdi-navigation-cancel'></i></td>
<td class='timestamp'>16:09:40</td>
<td class='step-details'>org.openqa.selenium.TimeoutException: Expected condition failed: waiting for title to be "Incidents | ServiceNow". Current title: "INC1835194 | Incident | ServiceNow" (tried for 30 second(s) with 500 milliseconds interval) Build info: version: '3.12.0', revision: '7c6e0b3', time: '2018-05-08T14:04:26.12Z' System info: host: 'TP6VDIDEVTCM068', ip: '10.25.36.75', os.name: 'Windows 7', os.arch: 'amd64', os.version: '6.1', java.version: '1.8.0_172' Driver info: org.openqa.selenium.firefox.FirefoxDriver Capabilities {acceptInsecureCerts: true, browserName: firefox, browserVersion: 61.0, javascriptEnabled: true, moz:accessibilityChecks: false, moz:headless: false, moz:processID: 35092, moz:profile: C:\Users\UX011974\AppData\L..., moz:useNonSpecCompliantPointerOrigin: false, moz:webdriverClick: true, pageLoadStrategy: normal, platform: XP, platformName: XP, platformVersion: 6.1, rotatable: false, timeouts: {implicit: 0, pageLoad: 300000, script: 30000}} Session ID: 1d35e08f-b436-4aba-bb36-3021563a0001<img class="report-img" data-featherlight="file:///C:\Users\UX011974\Documents\Automation\ServiceNowQAAutomation\ServiceNowQAAutomation\SNOWQA\target\snapshots\testCancelIncidentTicket.jpg" src="file:///C:\Users\UX011974\Documents\Automation\ServiceNowQAAutomation\ServiceNowQAAutomation\SNOWQA\target\snapshots\testCancelIncidentTicket.jpg"></td>
</tr>
</tbody>
</table>
<ul class='collapsible node-list' data-collapsible='accordion'>
</ul>
</div>
</div>
</li>
<li class='collection-item test displayed active fail ' extentid='9ae46dcf-ac90-4c1f-a47a-8baed5b7e6f4'>
<div class='test-head'>
<span class='test-name'>Cancelling the Incident Ticket </span>
<span class='test-status label right outline capitalize fail'>fail</span>
<span class='category-assigned hide '></span>
</div>
<div class='test-body'>
<div class='test-info'>
<span title='Test started time' alt='Test started time' class='test-started-time label green lighten-1 text-white'>2019-03-21 16:16:16</span>
<span title='Test ended time' alt='Test ended time' class='test-ended-time label red lighten-1 text-white'>2019-03-21 16:17:10</span>
<span title='Time taken to finish' alt='Time taken to finish' class='test-time-taken label blue-grey lighten-3 text-white'>0h 0m 54s+0ms</span>
</div>
<div class='test-desc'></div>
<div class='test-attributes'>
</div>
<div class='test-steps'>
<table class='bordered table-results'>
<thead>
<tr>
<th>Status</th>
<th>Timestamp</th>
<th>Details</th>
</tr>
</thead>
<tbody>
<tr>
<td class='status info' title='info' alt='info'><i class='mdi-action-info-outline'></i></td>
<td class='timestamp'>16:16:26</td>
<td class='step-details'>Incident number captured: INC1835198</td>
</tr>
<tr>
<td class='status fail' title='fail' alt='fail'><i class='mdi-navigation-cancel'></i></td>
<td class='timestamp'>16:17:10</td>
<td class='step-details'>org.openqa.selenium.TimeoutException: Expected condition failed: waiting for title to be "Incidents | ServiceNow". Current title: "INC1835198 | Incident | ServiceNow" (tried for 30 second(s) with 500 milliseconds interval) Build info: version: '3.12.0', revision: '7c6e0b3', time: '2018-05-08T14:04:26.12Z' System info: host: 'TP6VDIDEVTCM068', ip: '10.25.36.75', os.name: 'Windows 7', os.arch: 'amd64', os.version: '6.1', java.version: '1.8.0_172' Driver info: org.openqa.selenium.firefox.FirefoxDriver Capabilities {acceptInsecureCerts: true, browserName: firefox, browserVersion: 61.0, javascriptEnabled: true, moz:accessibilityChecks: false, moz:headless: false, moz:processID: 31000, moz:profile: C:\Users\UX011974\AppData\L..., moz:useNonSpecCompliantPointerOrigin: false, moz:webdriverClick: true, pageLoadStrategy: normal, platform: XP, platformName: XP, platformVersion: 6.1, rotatable: false, timeouts: {implicit: 0, pageLoad: 300000, script: 30000}} Session ID: 42b60cb9-0f6d-44e7-9752-bd54d27d1af2<img class="report-img" data-featherlight="file:///C:\Users\UX011974\Documents\Automation\ServiceNowQAAutomation\ServiceNowQAAutomation\SNOWQA\target\snapshots\testCancelIncidentTicket.jpg" src="file:///C:\Users\UX011974\Documents\Automation\ServiceNowQAAutomation\ServiceNowQAAutomation\SNOWQA\target\snapshots\testCancelIncidentTicket.jpg"></td>
</tr>
</tbody>
</table>
<ul class='collapsible node-list' data-collapsible='accordion'>
</ul>
</div>
</div>
</li>
<li class='collection-item test displayed active fail ' extentid='459fbfd6-9322-4a1a-9977-2c1f3aceaeec'>
<div class='test-head'>
<span class='test-name'>Cancelling the Incident Ticket </span>
<span class='test-status label right outline capitalize fail'>fail</span>
<span class='category-assigned hide '></span>
</div>
<div class='test-body'>
<div class='test-info'>
<span title='Test started time' alt='Test started time' class='test-started-time label green lighten-1 text-white'>2019-03-21 16:23:08</span>
<span title='Test ended time' alt='Test ended time' class='test-ended-time label red lighten-1 text-white'>2019-03-21 16:23:59</span>
<span title='Time taken to finish' alt='Time taken to finish' class='test-time-taken label blue-grey lighten-3 text-white'>0h 0m 51s+0ms</span>
</div>
<div class='test-desc'></div>
<div class='test-attributes'>
</div>
<div class='test-steps'>
<table class='bordered table-results'>
<thead>
<tr>
<th>Status</th>
<th>Timestamp</th>
<th>Details</th>
</tr>
</thead>
<tbody>
<tr>
<td class='status info' title='info' alt='info'><i class='mdi-action-info-outline'></i></td>
<td class='timestamp'>16:23:16</td>
<td class='step-details'>Incident number captured: INC1835206</td>
</tr>
<tr>
<td class='status fail' title='fail' alt='fail'><i class='mdi-navigation-cancel'></i></td>
<td class='timestamp'>16:23:59</td>
<td class='step-details'>org.openqa.selenium.TimeoutException: Expected condition failed: waiting for title to be "Incidents | ServiceNow". Current title: "INC1835206 | Incident | ServiceNow" (tried for 30 second(s) with 500 milliseconds interval) Build info: version: '3.12.0', revision: '7c6e0b3', time: '2018-05-08T14:04:26.12Z' System info: host: 'TP6VDIDEVTCM068', ip: '10.25.36.75', os.name: 'Windows 7', os.arch: 'amd64', os.version: '6.1', java.version: '1.8.0_172' Driver info: org.openqa.selenium.firefox.FirefoxDriver Capabilities {acceptInsecureCerts: true, browserName: firefox, browserVersion: 61.0, javascriptEnabled: true, moz:accessibilityChecks: false, moz:headless: false, moz:processID: 38892, moz:profile: C:\Users\UX011974\AppData\L..., moz:useNonSpecCompliantPointerOrigin: false, moz:webdriverClick: true, pageLoadStrategy: normal, platform: XP, platformName: XP, platformVersion: 6.1, rotatable: false, timeouts: {implicit: 0, pageLoad: 300000, script: 30000}} Session ID: d8ae336b-acb0-4fc7-8a15-c25700246f65<img class="report-img" data-featherlight="file:///C:\Users\UX011974\Documents\Automation\ServiceNowQAAutomation\ServiceNowQAAutomation\SNOWQA\target\snapshots\testCancelIncidentTicket.jpg" src="file:///C:\Users\UX011974\Documents\Automation\ServiceNowQAAutomation\ServiceNowQAAutomation\SNOWQA\target\snapshots\testCancelIncidentTicket.jpg"></td>
</tr>
</tbody>
</table>
<ul class='collapsible node-list' data-collapsible='accordion'>
</ul>
</div>
</div>
</li>
<li class='collection-item test displayed active fail ' extentid='9dd3977f-b917-4fd0-9ddf-bd9fb8621cf0'>
<div class='test-head'>
<span class='test-name'>Cancelling the Incident Ticket </span>
<span class='test-status label right outline capitalize fail'>fail</span>
<span class='category-assigned hide '></span>
</div>
<div class='test-body'>
<div class='test-info'>
<span title='Test started time' alt='Test started time' class='test-started-time label green lighten-1 text-white'>2019-03-22 10:12:58</span>
<span title='Test ended time' alt='Test ended time' class='test-ended-time label red lighten-1 text-white'>2019-03-22 10:13:01</span>
<span title='Time taken to finish' alt='Time taken to finish' class='test-time-taken label blue-grey lighten-3 text-white'>0h 0m 3s+0ms</span>
</div>
<div class='test-desc'></div>
<div class='test-attributes'>
</div>
<div class='test-steps'>
<table class='bordered table-results'>
<thead>
<tr>
<th>Status</th>
<th>Timestamp</th>
<th>Details</th>
</tr>
</thead>
<tbody>
<tr>
<td class='status fail' title='fail' alt='fail'><i class='mdi-navigation-cancel'></i></td>
<td class='timestamp'>10:13:01</td>
<td class='step-details'>org.openqa.selenium.WebDriverException: Failed to decode response from marionette Build info: version: '3.12.0', revision: '7c6e0b3', time: '2018-05-08T14:04:26.12Z' System info: host: 'TP6VDIDEVTCM068', ip: '10.25.36.75', os.name: 'Windows 7', os.arch: 'amd64', os.version: '6.1', java.version: '1.8.0_172' Driver info: org.openqa.selenium.firefox.FirefoxDriver Capabilities {acceptInsecureCerts: true, browserName: firefox, browserVersion: 61.0, javascriptEnabled: true, moz:accessibilityChecks: false, moz:headless: false, moz:processID: 36608, moz:profile: C:\Users\UX011974\AppData\L..., moz:useNonSpecCompliantPointerOrigin: false, moz:webdriverClick: true, pageLoadStrategy: normal, platform: XP, platformName: XP, platformVersion: 6.1, rotatable: false, timeouts: {implicit: 0, pageLoad: 300000, script: 30000}} Session ID: 6c1044aa-941f-4d20-91ae-b5ca6081286c<img class="report-img" data-featherlight="file:///C:\Users\UX011974\Documents\Automation\ServiceNowQAAutomation\ServiceNowQAAutomation\SNOWQA\target\snapshots\testCancelIncidentTicket.jpg" src="file:///C:\Users\UX011974\Documents\Automation\ServiceNowQAAutomation\ServiceNowQAAutomation\SNOWQA\target\snapshots\testCancelIncidentTicket.jpg"></td>
</tr>
</tbody>
</table>
<ul class='collapsible node-list' data-collapsible='accordion'>
</ul>
</div>
</div>
</li>
<li class='collection-item test displayed active pass ' extentid='6f4085f1-16d5-4068-b360-3269e8b34167'>
<div class='test-head'>
<span class='test-name'>Cancelling the Incident Ticket </span>
<span class='test-status label right outline capitalize pass'>pass</span>
<span class='category-assigned hide '></span>
</div>
<div class='test-body'>
<div class='test-info'>
<span title='Test started time' alt='Test started time' class='test-started-time label green lighten-1 text-white'>2019-05-16 10:14:48</span>
<span title='Test ended time' alt='Test ended time' class='test-ended-time label red lighten-1 text-white'>2019-05-16 10:15:42</span>
<span title='Time taken to finish' alt='Time taken to finish' class='test-time-taken label blue-grey lighten-3 text-white'>0h 0m 54s+145ms</span>
</div>
<div class='test-desc'></div>
<div class='test-attributes'>
</div>
<div class='test-steps'>
<table class='bordered table-results'>
<thead>
<tr>
<th>Status</th>
<th>Timestamp</th>
<th>Details</th>
</tr>
</thead>
<tbody>
<tr>
<td class='status info' title='info' alt='info'><i class='mdi-action-info-outline'></i></td>
<td class='timestamp'>10:15:00</td>
<td class='step-details'>Incident number captured: INC1836739</td>
</tr>
<tr>
<td class='status pass' title='pass' alt='pass'><i class='mdi-action-check-circle'></i></td>
<td class='timestamp'>10:15:18</td>
<td class='step-details'>Successfully created Standalone incident with Id INC1836739</td>
</tr>
<tr>
<td class='status info' title='info' alt='info'><i class='mdi-action-info-outline'></i></td>
<td class='timestamp'>10:15:18</td>
<td class='step-details'>Status of the Standalone incident id INC1836739 is New</td>
</tr>
<tr>
<td class='status info' title='info' alt='info'><i class='mdi-action-info-outline'></i></td>
<td class='timestamp'>10:15:18</td>
<td class='step-details'>Incident Number is INC1836739</td>
</tr>
<tr>
<td class='status info' title='info' alt='info'><i class='mdi-action-info-outline'></i></td>
<td class='timestamp'>10:15:27</td>
<td class='step-details'>Current State of Incident INC1836739 is New</td>
</tr>
</tbody>
</table>
<ul class='collapsible node-list' data-collapsible='accordion'>
</ul>
</div>
</div>
</li>
</ul>
</div>
</div>
</div>
</div>
<div id='test-details-wrapper' class='col _addedCell2'>
<div class='contents'>
<div class='card-panel details-view'>
<h5 class='details-name'></h5>
<div class='details-container'>
</div>
</div>
</div>
</div>
</div>
<!-- /tests -->

<!-- categories -->
<!-- /categories -->

<!-- exceptions -->
<!-- /exceptions -->

<!-- testrunner logs -->
<!-- /testrunner logs -->

</div>
<!-- /container -->

<!-- test dashboard counts setting -->
<div id='test-count-setting' class='modal bottom-sheet'> 
<div class='modal-content'> 
<h5>Configure Tests Count Setting</h5> 
<input name='test-count-setting' type='radio' id='parentWithoutNodes' class='with-gap'> 
<label for='parentWithoutNodes'>Parent Tests Only (Does not include child nodes in counts)</label> 
<br> 
<input name='test-count-setting' type='radio' id='parentWithoutNodesAndNodes' class='with-gap'> 
<label for='parentWithoutNodesAndNodes'>Parent Tests Without Child Tests + Child Tests</label> 
<br> 
<input name='test-count-setting' type='radio' id='childNodes' class='with-gap'> 
<label for='childNodes'>Child Tests Only</label> 
</div> 
<div class='modal-footer'> 
<a href='#!' class='modal-action modal-close waves-effect waves-green btn'>Save</a> 
</div> 
</div>
<!-- /test dashboard counts setting -->

<!-- filter for step status -->
<div id='step-status-filter' class='modal bottom-sheet'> 
<div class='modal-content'> 
<h5>Select status</h5> 
<input checked class='filled-in' type='checkbox' id='step-dashboard-filter-pass'> 
<label for='step-dashboard-filter-pass'>Pass</label> 
<br> 
<input checked class='filled-in' type='checkbox' id='step-dashboard-filter-fail'> 
<label for='step-dashboard-filter-fail'>Fail</label> 
<br> 
<input checked class='filled-in' type='checkbox' id='step-dashboard-filter-fatal'> 
<label for='step-dashboard-filter-fatal'>Fatal</label> 
<br> 
<input checked class='filled-in' type='checkbox' id='step-dashboard-filter-error'> 
<label for='step-dashboard-filter-error'>Error</label> 
<br> 
<input checked class='filled-in' type='checkbox' id='step-dashboard-filter-warning'> 
<label for='step-dashboard-filter-warning'>Warning</label> 
<br> 
<input checked class='filled-in' type='checkbox' id='step-dashboard-filter-skip'> 
<label for='step-dashboard-filter-skip'>Skipped</label> 
<br> 
<input checked class='filled-in' type='checkbox' id='step-dashboard-filter-info'> 
<label for='step-dashboard-filter-info'>Info</label> 
<br> 
<input checked class='filled-in' type='checkbox' id='step-dashboard-filter-unknown'> 
<label for='step-dashboard-filter-unknown'>Unknown</label> 
</div>
<div class='modal-footer'> 
<a href='#!' class='modal-action modal-close waves-effect waves-green btn'>Save</a> 
</div> 
</div>
<!-- /filter for step status -->

<script src='https://cdn.rawgit.com/anshooarora/extentreports/c936a26fc8bb9c5fc0253b5bc6f289e1d14bb595/cdn/extent.js' type='text/javascript'></script>

<script>$(document).ready(function() { $('.logo span').html('ExtentReports'); });</script>
<script>

            
                $(document).ready(function() {
                    
                });
            
        
</script>
</body>
</html>
